0:100  0:100  MemLog inited, TSC freq: 2400332460
0:100  0:000  CPU was calibrated without ACPI PM Timer: ACPI I/O space is not enabled., use RTC
0:100  0:000  
0:100  0:000  Now is 10.1.2020,  9:20:27 (GMT)
0:100  0:000  Starting Clover revision: 4220 on American Megatrends EFI
0:100  0:000  Build with: [Args: -D NO_GRUB_DRIVERS_EMBEDDED | -D NO_GRUB_DRIVERS_EMBEDDED -D USE_LOW_EBDA -a X64 -b RELEASE -t XCODE5 -n 5 | OS: 10.12.6 | XCODE: 8.3.3]
0:100  0:000  SelfDevicePath=PciRoot(0x0)\Pci(0x14,0x0)\USB(0x2,0x0)\HD(1,GPT,06BC0E80-1241-4697-9F34-D1880C6467C8,0x28,0xC7FF8) @6CE22C18
0:100  0:000  SelfDirPath = \EFI\CLOVER
0:100  0:000  === [ Get Smbios ] ========================================
0:100  0:000  Type 16 Index = 0
0:100  0:000  Total Memory Slots Count = 2
0:100  0:000  Type 17 Index = 0
0:100  0:000  SmbiosTable.Type17->Speed = 1600MHz
0:100  0:000  SmbiosTable.Type17->Size = 4096MB
0:100  0:000  SmbiosTable.Type17->Bank/Device = BANK 0 DIMM A
0:100  0:000  SmbiosTable.Type17->Vendor = Samsung
0:100  0:000  SmbiosTable.Type17->SerialNumber = 12151215
0:100  0:000  SmbiosTable.Type17->PartNumber = M471B5173EB0-YK0  
0:100  0:000  Type 17 Index = 1
0:100  0:000  SmbiosTable.Type17->Speed = 1600MHz
0:100  0:000  SmbiosTable.Type17->Size = 4096MB
0:100  0:000  SmbiosTable.Type17->Bank/Device = BANK 2 DIMM B
0:100  0:000  SmbiosTable.Type17->Vendor = Samsung
0:100  0:000  SmbiosTable.Type17->SerialNumber = 12121212
0:100  0:000  SmbiosTable.Type17->PartNumber = M471B5173EB0-YK0  
0:100  0:000  Boot status=0
0:100  0:000  Running on: 'Vostro 3559' with board '0PW9RW'
0:100  0:000  === [ GetCPUProperties ] ==================================
0:100  0:000  CPU Vendor = 756E6547 Model=406E3
0:100  0:000   The CPU supported SSE4.1
0:100  0:000   The CPU supported turbo
0:100  0:000  BrandString = Intel(R) Core(TM) i5-6200U CPU @ 2.30GHz
0:100  0:000   TSC/CCC Information Leaf:
0:100  0:000    numerator     : 200
0:100  0:000    denominator   : 2
0:100  0:000   Calibrated ARTFrequency: 24003324
0:100  0:000  MSR 0xE2 before patch 1E008005
0:100  0:000  MSR 0xE2 is locked, PM patches will be turned on
0:100  0:000  MSR 0xCE              0004043D_F1011800
0:100  0:000  MSR 0x1A0             00850089
0:100  0:000  corrected FLEX_RATIO = 0
0:100  0:000  MSR 0x1B0             00000000
0:100  0:000  FSBFrequency = 95 MHz, DMI FSBFrequency = 100 MHz, Corrected FSBFrequency = 100 MHz
0:100  0:000  MaxDiv/MinDiv: 24.0/4
0:100  0:000  Turbo: 27/27/27/28
0:100  0:000  Features: 0xBFEBFBFF
0:100  0:000  Threads: 4
0:100  0:000  Cores: 2
0:100  0:000  FSB: 100 MHz
0:100  0:000  CPU: 2300 MHz
0:100  0:000  TSC: 2300 MHz
0:100  0:000  PIS: 100 MHz
0:100  0:000  ExternalClock: 25 MHz
0:100  0:000  === [ GetDevices ] ========================================
0:100  0:000  PCI (00|00:00.00) : 8086 1904 class=060000
0:100  0:000  PCI (00|00:02.00) : 8086 1916 class=030000
0:100  0:000   - GFX: Model=Intel HD Graphics 520 (Intel)
0:100  0:000  PCI (00|00:14.00) : 8086 9D2F class=0C0330
0:100  0:000  PCI (00|00:14.02) : 8086 9D31 class=118000
0:100  0:000  PCI (00|00:15.00) : 8086 9D60 class=118000
0:100  0:000  PCI (00|00:15.01) : 8086 9D61 class=118000
0:100  0:000  PCI (00|00:16.00) : 8086 9D3A class=078000
0:100  0:000  PCI (00|00:17.00) : 8086 9D03 class=010601
0:100  0:000  PCI (00|00:1C.00) : 8086 9D10 class=060400
0:100  0:000  PCI (00|01:00.00) : 1002 6907 class=038000
0:100  0:000   - GFX: Model=AMD Unknown (ATI/AMD)
0:100  0:000   - RADEON_BIOS_0_SCRATCH = 0x00000000
0:100  0:000  PCI (00|00:1C.04) : 8086 9D14 class=060400
0:100  0:000  PCI (00|02:00.00) : 14E4 43B1 class=028000
0:100  0:000   - WIFI: Vendor=Broadcom
0:100  0:000  PCI (00|00:1C.05) : 8086 9D15 class=060400
0:100  0:000  PCI (00|03:00.00) : 10EC 8168 class=020000
0:100  0:000   - LAN: 0 Vendor=Realtek
0:100  0:000  PCI (00|00:1F.00) : 8086 9D48 class=060100
0:100  0:000  PCI (00|00:1F.02) : 8086 9D21 class=058000
0:100  0:000  PCI (00|00:1F.03) : 8086 9D70 class=040300
0:100  0:000  PCI (00|00:1F.04) : 8086 9D23 class=0C0500
0:100  0:000  === [ GetDefaultSettings ] ================================
0:100  0:000  Clover load options size = 142 bytes
0:100  0:000  EFI\CLOVER\.plist not loaded with name from LoadOptions: Invalid Parameter
0:101  0:001  EFI\CLOVER\config.plist loaded: Success
0:101  0:000  === [ GetListOfThemes ] ===================================
0:104  0:002  - [00]: Material
0:109  0:004  - [01]: random
0:111  0:002  === [ Found config plists ] ===============================
0:111  0:000  - config.plist
0:111  0:000  === [ GetEarlyUserSettings ] ==============================
0:111  0:000  timeout set to 5
0:111  0:000  Custom boot CUSTOM_BOOT_DISABLED (0x0)
0:111  0:000  KextsToPatch: 2 requested
0:111  0:000   - [00]: com.apple.driver.AppleBacklight (AppleBacklightInjector.kext (credit RehabMan)) :: BinPatch :: data len: 9
0:111  0:000   - [01]: com.apple.iokit.IOAHCIBlockStorage (Enable TRIM for SSD) :: BinPatch :: data len: 11
0:111  0:000  Default theme: a
0:111  0:000  Hiding entries with string Preboot
0:111  0:000  Hiding entries with string Recovery
0:111  0:000  Hiding entries with string 5A464AAB-2765-4738-8BA9-088B84E4BD07
0:111  0:000  === [ LoadDrivers ] =======================================
0:114  0:002  Loading apfs.efi  status=Success
0:134  0:020   - driver needs connecting
0:134  0:000  Loading AppleImageCodec-64.efi  status=Success
0:139  0:004  Loading AppleKeyAggregator-64.efi  status=Success
0:142  0:002  Loading AppleUITheme-64.efi  status=Success
0:144  0:002  Loading btrfs_x64.efi  status=Success
0:149  0:005   - driver needs connecting
0:149  0:000  Loading CsmVideoDxe-64.efi  status=Success
0:152  0:002   - driver needs connecting
0:152  0:000  Loading DataHubDxe-64.efi  status=Success
0:164  0:011  Loading ext2_x64.efi  status=Success
0:169  0:005   - driver needs connecting
0:169  0:000  Loading ext4_x64.efi  status=Success
0:174  0:004   - driver needs connecting
0:174  0:000  Loading Fat-64.efi  status=Success
0:176  0:002   - driver needs connecting
0:176  0:000  Loading FirmwareVolume-64.efi  status=Success
0:179  0:002  Loading FSInject-64.efi  status=Success
0:184  0:005  Loading OsxAptioFix2Drv-64.efi  status=Success
0:186  0:002  Loading OsxFatBinaryDrv-64.efi  status=Success
0:189  0:002  Loading PartitionDxe-64.efi  status=Success
0:192  0:002   - driver needs connecting
0:192  0:000  Loading reiserfs_x64.efi  status=Success
0:197  0:005   - driver needs connecting
0:197  0:000  Loading SMCHelper-64.efi  status=Success
0:199  0:002  Loading VBoxHfs-64.efi  status=Success
0:204  0:004   - driver needs connecting
0:204  0:000  9 drivers needs connecting ...
0:204  0:000  PlatformDriverOverrideProtocol->GetDriver overriden
0:204  0:000  Partition driver loaded: 
0:204  0:000  APFS driver loaded
0:204  0:000  Video driver loaded: disconnect Success
1:552  1:347  Searching for invalid DiskIo BY_DRIVER connects: not found, all ok
1:617  0:065  CsmVideoDriverBindingStart
1:617  0:000  mixed support=40010
1:617  0:000  Controller is [030000]
1:617  0:000  Check for VBE
1:620  0:002   found Detail Timing 1366x768
1:620  0:000   found Detail Timing 1366x768
1:620  0:000  timing string after 0xFE:PDJJH€NT156WH
1:620  0:000    0 1024x768 attr=9B - ok, edid-, 1024x768, working, highest, pref=0
1:620  0:000    1 640x480 attr=9B - ok, edid-, 640x480, working
1:620  0:000    2 800x600 attr=9B - ok, edid-, 800x600, working
1:620  0:000    3 1366x768 attr=9B - ok, edid+, working, highest, pref=3
1:620  0:000  CsmVideo: New mode: 3 1366x768 - set
1:806  0:185   - SetMode pref 3 (3) = Success
1:806  0:000  CsmVideoCheckForVbe - Success
1:806  0:000  CsmVideoDriverBindingStart end Success
1:806  0:000  CsmVideo: New mode: 2 800x600 - set
1:989  0:182  CsmVideo: New mode: 3 1366x768 - set
2:862  0:873  CsmVideoDriverBindingStart
2:862  0:000  Enable the device status=Unsupported
2:862  0:000  attributes Restored
2:862  0:000  CsmVideoDriverBindingStart end Unsupported
3:046  0:184  === [ InitScreen ] ========================================
3:046  0:000  SetScreenResolution: 1920x1080 - not found!
3:046  0:000  Console modes reported: 4, available modes:
3:046  0:000   - [01]: 80x25
3:046  0:000   - [02]: 80x25
3:046  0:000   - [03]: 100x31
3:046  0:000   - [04]: 170x40 (current mode)
3:046  0:000  reinit: self device path=PciRoot(0x0)\Pci(0x14,0x0)\USB(0x2,0x0)\HD(1,GPT,06BC0E80-1241-4697-9F34-D1880C6467C8,0x28,0xC7FF8)
3:047  0:000  Using embedded font: Success
3:048  0:001  === [ GetMacAddress ] =====================================
3:048  0:000   get legacy LAN MAC, 1 card found
3:048  0:000  Legacy MAC address of LAN #0= 20:47:47:D5:BB:08:
3:048  0:000  === [ ScanSPD ] ===========================================
3:049  0:000  SMBus device : 8086 9D23 class=0C0500 status=Success
3:049  0:000  SMBus CmdReg: 0x3
3:049  0:000  Scanning SMBus [8086:9D23], mmio: 0xDF52A004, ioport: 0xF040, hostc: 0x11
3:049  0:000  Slots to scan [8]...
3:049  0:000  SPD[0]: Type 11 @0x50
3:067  0:017  DDR speed 1600MHz
3:067  0:000  Slot: 0 Type 24 4096MB 1600MHz Vendor=Samsung PartNo=M471B5173EB0-YK0 SerialNo=0107040507000A06
3:067  0:000  SPD[2]: Type 11 @0x52
3:085  0:017  DDR speed 1600MHz
3:085  0:000  Slot: 2 Type 24 4096MB 1600MHz Vendor=Samsung PartNo=M471B5173EB0-YK0 SerialNo=0908020304040503
3:085  0:000  === [ GetAcpiTablesList ] =================================
3:085  0:000  Get Acpi Tables List from RSDT:
3:085  0:000   - [00]: FACP  CBX3    len=132
3:085  0:000   - [01]: APIC  CBX3    len=132
3:085  0:000   - [02]: FPDT  CBX3    len=68
3:085  0:000   - [03]: FIDT  CBX3    len=156
3:085  0:000   - [04]: MCFG  CBX3    len=60
3:085  0:000   - [05]: HPET  CBX3    len=56
3:085  0:000   - [06]: SSDT  SataTabl len=789
3:085  0:000   - [07]: LPIT  SKL-ULT len=148
3:085  0:000   - [08]: SSDT  sensrhub len=584
3:085  0:000   - [09]: SSDT  PtidDevc len=11182
3:085  0:000   - [10]: SSDT  Ther_Rvp len=3141
3:085  0:000   - [11]: DBGP   len=52
3:085  0:000   - [12]: DBG2   len=84
3:085  0:000   - [13]: SSDT  xh_rvp07 len=1856
3:085  0:000   - [14]: BOOT  CBX3     len=40
3:085  0:000   - [15]: SSDT  SaSsdt  len=13617
3:085  0:000   - [16]: UEFI   len=66
3:085  0:000   - [17]: SSDT  CpuSsdt len=3672
3:085  0:000   - [18]: MSDM  CBX3    len=85
3:085  0:000   - [19]: SLIC  CBX3    len=374
3:085  0:000   - [20]: BGRT   len=56
3:085  0:000   - [21]: SSDT  SgPch len=1319
3:085  0:000   - [22]: DMAR  SKL  len=240
3:085  0:000   - [23]: TPM2  Tpm2Tabl len=52
3:085  0:000   - [24]: SSDT  AmdTabl len=3528
3:085  0:000   - [25]: ASF!   HCG len=165
3:085  0:000  Calibrated TSC Frequency = 2400332460 = 2400MHz
3:086  0:000  === [ GetUserSettings ] ===================================
3:086  0:000  USB FixOwnership: yes
3:086  0:000  Dropping 11 tables:
3:086  0:000   - [00]: Drop table  signature="DMAR" (52414D44)
3:086  0:000           - set table: 52414D44,                0 to drop: yes
3:086  0:000   - [01]: Drop table  signature="MCFG" (4746434D)
3:086  0:000           - set table: 4746434D,                0 to drop: yes
3:086  0:000   - [02]: Drop table  signature="LPIT" (5449504C)
3:086  0:000           - set table: 5449504C,                0 to drop: yes
3:086  0:000   - [03]: Drop table  signature="FPDT" (54445046)
3:086  0:000           - set table: 54445046,                0 to drop: yes
3:086  0:000   - [04]: Drop table  signature="FACP" (50434146)
3:086  0:000           - set table: 50434146,                0 to drop: yes
3:086  0:000   - [05]: Drop table  signature="SLIC" (43494C53)
3:086  0:000           - set table: 43494C53,                0 to drop: yes
3:086  0:000   - [06]: Drop table  signature="DBG2" (32474244)
3:086  0:000           - set table: 32474244,                0 to drop: yes
3:086  0:000   - [07]: Drop table  signature="FIDT" (54444946)
3:086  0:000           - set table: 54444946,                0 to drop: yes
3:086  0:000   - [08]: Drop table  signature="DBGP" (50474244)
3:086  0:000           - set table: 50474244,                0 to drop: yes
3:086  0:000   - [09]: Drop table  signature="WSMT" (544D5357)
3:086  0:000           - set table: 544D5357,                0 to drop: no
3:086  0:000   - [10]: Drop table  signature="BGRT" (54524742)
3:086  0:000           - set table: 54524742,                0 to drop: yes
3:086  0:000   - final DSDT Fix mask=00000000
3:086  0:000  PatchesDSDT: 14 requested
3:086  0:000   - [00]: (change _DSM to XSDM) lenToFind: 4, lenToReplace: 4
3:086  0:000   - [01]: (change OSID to IDOS) lenToFind: 4, lenToReplace: 4
3:086  0:000   - [02]: (change _OSI to XOSI) lenToFind: 4, lenToReplace: 4
3:086  0:000   - [03]: (change HDAS to HDEF) lenToFind: 4, lenToReplace: 4
3:086  0:000   - [04]: (change HECI to IMEI) lenToFind: 4, lenToReplace: 4
3:086  0:000   - [05]: (chang BRT6 to BRTX) lenToFind: 5, lenToReplace: 5
3:086  0:000   - [06]: (change GFX0 to IGPU) lenToFind: 4, lenToReplace: 4
3:086  0:000   - [07]: (change SAT0 to SATA) lenToFind: 4, lenToReplace: 4
3:086  0:000   - [08]: (change EHC1 to EH01) lenToFind: 4, lenToReplace: 4
3:086  0:000   - [09]: (change EHC2 to EH02) lenToFind: 4, lenToReplace: 4
3:086  0:000   - [10]: (change MEI to IMEI) lenToFind: 4, lenToReplace: 4
3:086  0:000   - [11]: (change EC0 to EC) lenToFind: 4, lenToReplace: 4
3:086  0:000   - [12]: (change H_EC to EC) lenToFind: 4, lenToReplace: 4
3:086  0:000   - [13]: (change ECDV to EC) lenToFind: 4, lenToReplace: 4
3:086  0:000  ResetAddr: 0xB2
3:086  0:000  Calc ResetVal: 0x0
3:086  0:000  ResetVal: 0x73
3:086  0:000  Using ProductName from config
3:086  0:000  ProductName: iMac18,1
3:086  0:000  Using latest BiosVersion from config
3:086  0:000  BiosVersion: IM181.88Z.0154.B00.1712211718
3:086  0:000  BiosReleaseDate: 12/21/2017
3:086  0:000  Using FirmwareFeatures from config
3:086  0:000  FirmwareFeatures: 0xFC0FE137
3:086  0:000  Using FirmwareFeaturesMask from config
3:086  0:000  FirmwareFeaturesMask: 0xFF1FFF3F
3:086  0:000  PlatformFeature: 0x0
3:086  0:000  Board-ID set from config as Mac-4B682C642B45593E
3:086  0:000  BoardType: 0xA
3:086  0:000  ChassisType: 0x9
3:100  0:014  === [ ScanVolumes ] =======================================
3:100  0:000  Found 17 volumes with blockIO
3:100  0:000  - [00]: Volume: PciRoot(0x0)\Pci(0x14,0x0)\USB(0x2,0x0)
3:101  0:000          USB volume
3:101  0:000  - [01]: Volume: PciRoot(0x0)\Pci(0x14,0x0)\USB(0x2,0x0)\HD(1,GPT,06BC0E80-1241-4697-9F34-D1880C6467C8,0x28,0xC7FF8)
3:102  0:001          Result of bootcode detection: bootable Windows (win)
3:102  0:000          USB volume
3:108  0:005          This is SelfVolume !!
3:108  0:000  - [02]: Volume: PciRoot(0x0)\Pci(0x14,0x0)\USB(0x2,0x0)\HD(2,GPT,59505840-27F1-4B72-9EF9-0AF2E02DBE06,0xC8800,0x369800)
3:109  0:001          Result of bootcode detection: bootable unknown (legacy)
3:109  0:000          USB volume
3:109  0:000  - [03]: Volume: PciRoot(0x0)\Pci(0x14,0x0)\USB(0x2,0x0)\HD(3,GPT,A9C2FF51-9851-492F-B1A1-60791311742C,0x472480,0xD9EC7E8)
3:110  0:000          USB volume
3:110  0:000  - [04]: Volume: PciRoot(0x0)\Pci(0x14,0x0)\USB(0x2,0x0)\HD(4,GPT,14F587DA-7E72-4646-864E-C9FC741FAC79,0xDE5EC68,0x135F20)
3:111  0:001          USB volume
3:111  0:000          hiding this volume
3:111  0:000  - [05]: Volume: PciRoot(0x0)\Pci(0x17,0x0)\Sata(0x0,0xFFFF,0x0)
3:112  0:000  - [06]: Volume: PciRoot(0x0)\Pci(0x17,0x0)\Sata(0x1,0xFFFF,0x0)
3:114  0:001  - [07]: Volume: PciRoot(0x0)\Pci(0x17,0x0)\Sata(0x0,0xFFFF,0x0)\HD(1,GPT,CAE84B25-5CB5-4C53-86FD-28C15D91826F,0x800,0xAE800)
3:114  0:000          Result of bootcode detection: bootable Windows (win)
3:117  0:002  - [08]: Volume: PciRoot(0x0)\Pci(0x17,0x0)\Sata(0x0,0xFFFF,0x0)\HD(2,GPT,30AC6848-AA04-42C6-8598-1FC42C7CBBDB,0xAF000,0xDEF1800)
3:117  0:000          Result of bootcode detection: bootable Windows (vista,win)
3:117  0:000  - [09]: Volume: PciRoot(0x0)\Pci(0x17,0x0)\Sata(0x0,0xFFFF,0x0)\HD(3,GPT,FC3FF089-EC45-4DB5-988A-B174A2E57881,0xDFA0800,0xDF83C88)
3:120  0:002          Result of bootcode detection: bootable unknown (legacy)
3:120  0:000  - [10]: Volume: PciRoot(0x0)\Pci(0x17,0x0)\Sata(0x1,0xFFFF,0x0)\HD(1,GPT,5C1D79EF-475B-4050-94D9-6283A7FEC0A3,0x64028,0x25839CC0)
3:121  0:001          Result of bootcode detection: bootable Windows (vista,win)
3:121  0:000  - [11]: Volume: PciRoot(0x0)\Pci(0x17,0x0)\Sata(0x1,0xFFFF,0x0)\HD(2,GPT,5588E3F4-5175-440D-9424-61046E80D6E7,0x2589DCE8,0x3FCF38D9)
3:123  0:001          Result of bootcode detection: bootable Windows (vista,win)
3:123  0:000  - [12]: Volume: PciRoot(0x0)\Pci(0x17,0x0)\Sata(0x0,0xFFFF,0x0)\HD(3,GPT,FC3FF089-EC45-4DB5-988A-B174A2E57881,0xDFA0800,0xDF83C88)\VenMedia(BE74FCF7-0B7C-49F3-9147-01F4042E6842,553C7FDD5BEDF8489EADBB1F59F78A08)
3:123  0:000          hiding this volume
3:123  0:000  - [13]: Volume: PciRoot(0x0)\Pci(0x17,0x0)\Sata(0x0,0xFFFF,0x0)\HD(3,GPT,FC3FF089-EC45-4DB5-988A-B174A2E57881,0xDFA0800,0xDF83C88)\VenMedia(BE74FCF7-0B7C-49F3-9147-01F4042E6842,C051B5AFF7A6B24E909890974CE3171B)
3:123  0:000  - [14]: Volume: PciRoot(0x0)\Pci(0x17,0x0)\Sata(0x0,0xFFFF,0x0)\HD(3,GPT,FC3FF089-EC45-4DB5-988A-B174A2E57881,0xDFA0800,0xDF83C88)\VenMedia(BE74FCF7-0B7C-49F3-9147-01F4042E6842,8A46227F2EC20E4296A58B05DC29E380)
3:123  0:000  - [15]: Volume: PciRoot(0x0)\Pci(0x17,0x0)\Sata(0x0,0xFFFF,0x0)\HD(3,GPT,FC3FF089-EC45-4DB5-988A-B174A2E57881,0xDFA0800,0xDF83C88)\VenMedia(BE74FCF7-0B7C-49F3-9147-01F4042E6842,42E2F82B1603EE4BBD2735053144BEE7)
3:123  0:000          hiding this volume
3:123  0:000  - [16]: Volume: PciRoot(0x0)\Pci(0x17,0x0)\Sata(0x0,0xFFFF,0x0)\HD(3,GPT,FC3FF089-EC45-4DB5-988A-B174A2E57881,0xDFA0800,0xDF83C88)\VenMedia(BE74FCF7-0B7C-49F3-9147-01F4042E6842,421E8C673895084E824C2A5227B343CA)
3:123  0:000  === [ InitTheme ] =========================================
3:123  0:000  GlobalConfig: theme.plist not found, get random theme Material
3:126  0:002  Using theme 'Material' (EFI\CLOVER\themes\Material)
3:126  0:000  OS main and drive as badge
3:126  0:000  Warning! Character width 9 should be even!
3:132  0:006  Loading font from ThemeDir: Success
3:133  0:000  Choosing theme Material
3:133  0:000  after NVRAM boot-args=darkwake=8 -disablegfxfirmware
3:133  0:000  === [ Dump SMC keys from NVRAM ] ==========================
3:133  0:000  found AppleSMC protocol
3:171  0:038  === [ ScanLoader ] ========================================
3:171  0:000  - [01]: 'EFI'
3:209  0:037  - [02]: 'EF'
3:221  0:011  - [03]: 'high'
3:236  0:015          AddLoaderEntry for Volume Name=high
3:242  0:005      Check if volume Is Hibernated:
3:242  0:000      Check sleep image 'by signature':
3:271  0:029      read prefs \Library\Preferences\com.apple.PowerManagement.plist status=Success
3:271  0:000      using default sleep image name = \private\var\vm\sleepimage
3:284  0:013      no valid sleep image offset was found
3:284  0:000       sleepimage offset could not be acquired
3:284  0:000      hibernated: no - sign
3:301  0:016  - [04]: 'Recovery HD', hidden
3:301  0:000  - [07]: 'ESP'
3:301  0:000          AddLoaderEntry for Volume Name=ESP
3:314  0:013  - [12]: 'Preboot', hidden
3:314  0:000  - [13]: 'Mojave'
3:352  0:038          AddLoaderEntry for Volume Name=Mojave
3:371  0:019      Check if volume Is Hibernated:
3:371  0:000      Check sleep image 'by signature':
3:381  0:009      using default sleep image name = \private\var\vm\sleepimage
3:383  0:002      sleepimage not found -> Not Found
3:383  0:000      hibernated: no - sign
5:313  1:929  - [14]: 'Mojave - pn'
5:372  0:059  - [15]: 'Recovery', hidden
5:372  0:000  - [16]: 'VM'
5:384  0:011  === [ AddCustomTool ] =====================================
5:397  0:012  === [ GetEfiBootDeviceFromNvram ] =========================
5:397  0:000  Default boot entry not found
5:397  0:000  DefaultIndex=-1 and MainMenu.EntryCount=7
5:601  0:204  GUI ready
8:595  2:994  ReinitSelfLib after theme change
8:595  0:000  reinit: self device path=PciRoot(0x0)\Pci(0x14,0x0)\USB(0x2,0x0)\HD(1,GPT,06BC0E80-1241-4697-9F34-D1880C6467C8,0x28,0xC7FF8)
8:596  0:000  === [ ScanVolumes ] =======================================
8:596  0:000  Found 17 volumes with blockIO
8:596  0:000  - [00]: Volume: PciRoot(0x0)\Pci(0x14,0x0)\USB(0x2,0x0)
8:605  0:009          USB volume
8:605  0:000  - [01]: Volume: PciRoot(0x0)\Pci(0x14,0x0)\USB(0x2,0x0)\HD(1,GPT,06BC0E80-1241-4697-9F34-D1880C6467C8,0x28,0xC7FF8)
8:606  0:001          Result of bootcode detection: bootable Windows (win)
8:606  0:000          USB volume
8:606  0:000          This is SelfVolume !!
8:606  0:000  - [02]: Volume: PciRoot(0x0)\Pci(0x14,0x0)\USB(0x2,0x0)\HD(2,GPT,59505840-27F1-4B72-9EF9-0AF2E02DBE06,0xC8800,0x369800)
8:607  0:001          Result of bootcode detection: bootable unknown (legacy)
8:607  0:000          USB volume
8:607  0:000  - [03]: Volume: PciRoot(0x0)\Pci(0x14,0x0)\USB(0x2,0x0)\HD(3,GPT,A9C2FF51-9851-492F-B1A1-60791311742C,0x472480,0xD9EC7E8)
8:608  0:000          USB volume
8:608  0:000  - [04]: Volume: PciRoot(0x0)\Pci(0x14,0x0)\USB(0x2,0x0)\HD(4,GPT,14F587DA-7E72-4646-864E-C9FC741FAC79,0xDE5EC68,0x135F20)
8:609  0:001          USB volume
8:609  0:000          hiding this volume
8:609  0:000  - [05]: Volume: PciRoot(0x0)\Pci(0x17,0x0)\Sata(0x0,0xFFFF,0x0)
8:902  0:292  - [06]: Volume: PciRoot(0x0)\Pci(0x17,0x0)\Sata(0x1,0xFFFF,0x0)
8:904  0:001  - [07]: Volume: PciRoot(0x0)\Pci(0x17,0x0)\Sata(0x0,0xFFFF,0x0)\HD(1,GPT,CAE84B25-5CB5-4C53-86FD-28C15D91826F,0x800,0xAE800)
8:904  0:000          Result of bootcode detection: bootable Windows (win)
8:904  0:000  - [08]: Volume: PciRoot(0x0)\Pci(0x17,0x0)\Sata(0x0,0xFFFF,0x0)\HD(2,GPT,30AC6848-AA04-42C6-8598-1FC42C7CBBDB,0xAF000,0xDEF1800)
8:905  0:000          Result of bootcode detection: bootable Windows (vista,win)
8:905  0:000  - [09]: Volume: PciRoot(0x0)\Pci(0x17,0x0)\Sata(0x0,0xFFFF,0x0)\HD(3,GPT,FC3FF089-EC45-4DB5-988A-B174A2E57881,0xDFA0800,0xDF83C88)
8:907  0:002          Result of bootcode detection: bootable unknown (legacy)
8:907  0:000  - [10]: Volume: PciRoot(0x0)\Pci(0x17,0x0)\Sata(0x1,0xFFFF,0x0)\HD(1,GPT,5C1D79EF-475B-4050-94D9-6283A7FEC0A3,0x64028,0x25839CC0)
8:909  0:001          Result of bootcode detection: bootable Windows (vista,win)
8:909  0:000  - [11]: Volume: PciRoot(0x0)\Pci(0x17,0x0)\Sata(0x1,0xFFFF,0x0)\HD(2,GPT,5588E3F4-5175-440D-9424-61046E80D6E7,0x2589DCE8,0x3FCF38D9)
8:911  0:001          Result of bootcode detection: bootable Windows (vista,win)
8:911  0:000  - [12]: Volume: PciRoot(0x0)\Pci(0x17,0x0)\Sata(0x0,0xFFFF,0x0)\HD(3,GPT,FC3FF089-EC45-4DB5-988A-B174A2E57881,0xDFA0800,0xDF83C88)\VenMedia(BE74FCF7-0B7C-49F3-9147-01F4042E6842,553C7FDD5BEDF8489EADBB1F59F78A08)
8:911  0:000          hiding this volume
8:911  0:000  - [13]: Volume: PciRoot(0x0)\Pci(0x17,0x0)\Sata(0x0,0xFFFF,0x0)\HD(3,GPT,FC3FF089-EC45-4DB5-988A-B174A2E57881,0xDFA0800,0xDF83C88)\VenMedia(BE74FCF7-0B7C-49F3-9147-01F4042E6842,C051B5AFF7A6B24E909890974CE3171B)
8:911  0:000  - [14]: Volume: PciRoot(0x0)\Pci(0x17,0x0)\Sata(0x0,0xFFFF,0x0)\HD(3,GPT,FC3FF089-EC45-4DB5-988A-B174A2E57881,0xDFA0800,0xDF83C88)\VenMedia(BE74FCF7-0B7C-49F3-9147-01F4042E6842,8A46227F2EC20E4296A58B05DC29E380)
8:911  0:000  - [15]: Volume: PciRoot(0x0)\Pci(0x17,0x0)\Sata(0x0,0xFFFF,0x0)\HD(3,GPT,FC3FF089-EC45-4DB5-988A-B174A2E57881,0xDFA0800,0xDF83C88)\VenMedia(BE74FCF7-0B7C-49F3-9147-01F4042E6842,42E2F82B1603EE4BBD2735053144BEE7)
8:911  0:000          hiding this volume
8:911  0:000  - [16]: Volume: PciRoot(0x0)\Pci(0x17,0x0)\Sata(0x0,0xFFFF,0x0)\HD(3,GPT,FC3FF089-EC45-4DB5-988A-B174A2E57881,0xDFA0800,0xDF83C88)\VenMedia(BE74FCF7-0B7C-49F3-9147-01F4042E6842,421E8C673895084E824C2A5227B343CA)
8:911  0:000  Choosing theme Material
8:911  0:000  after NVRAM boot-args=darkwake=8 -disablegfxfirmware
8:911  0:000  === [ ScanLoader ] ========================================
8:911  0:000  - [01]: 'EFI'
8:923  0:011  - [02]: 'EF'
8:935  0:011  - [03]: 'high'
8:937  0:002          AddLoaderEntry for Volume Name=high
8:942  0:005      Check if volume Is Hibernated:
8:942  0:000      Check sleep image 'by signature':
8:972  0:029      read prefs \Library\Preferences\com.apple.PowerManagement.plist status=Success
8:972  0:000      using default sleep image name = \private\var\vm\sleepimage
8:985  0:013      no valid sleep image offset was found
8:985  0:000       sleepimage offset could not be acquired
8:985  0:000      hibernated: no - sign
8:998  0:013  - [04]: 'Recovery HD', hidden
8:998  0:000  - [07]: 'ESP'
8:998  0:000          AddLoaderEntry for Volume Name=ESP
9:011  0:012  - [12]: 'Preboot', hidden
9:011  0:000  - [13]: 'Mojave'
9:027  0:016          AddLoaderEntry for Volume Name=Mojave
9:044  0:016      Check if volume Is Hibernated:
9:044  0:000      Check sleep image 'by signature':
9:050  0:006      using default sleep image name = \private\var\vm\sleepimage
9:053  0:002      sleepimage not found -> Not Found
9:053  0:000      hibernated: no - sign
11:010  1:957  - [14]: 'Mojave - pn'
11:060  0:050  - [15]: 'Recovery', hidden
11:060  0:000  - [16]: 'VM'
11:072  0:011  === [ AddCustomTool ] =====================================
11:072  0:000  === [ GetEfiBootDeviceFromNvram ] =========================
11:072  0:000  Default boot entry not found
11:072  0:000  DefaultIndex=-1 and MainMenu.EntryCount=7
13:449  2:377  ReinitSelfLib after theme change
13:449  0:000  reinit: self device path=PciRoot(0x0)\Pci(0x14,0x0)\USB(0x2,0x0)\HD(1,GPT,06BC0E80-1241-4697-9F34-D1880C6467C8,0x28,0xC7FF8)
13:449  0:000  === [ ScanVolumes ] =======================================
13:449  0:000  Found 17 volumes with blockIO
13:449  0:000  - [00]: Volume: PciRoot(0x0)\Pci(0x14,0x0)\USB(0x2,0x0)
13:459  0:009          USB volume
13:459  0:000  - [01]: Volume: PciRoot(0x0)\Pci(0x14,0x0)\USB(0x2,0x0)\HD(1,GPT,06BC0E80-1241-4697-9F34-D1880C6467C8,0x28,0xC7FF8)
13:460  0:001          Result of bootcode detection: bootable Windows (win)
13:460  0:000          USB volume
13:460  0:000          This is SelfVolume !!
13:460  0:000  - [02]: Volume: PciRoot(0x0)\Pci(0x14,0x0)\USB(0x2,0x0)\HD(2,GPT,59505840-27F1-4B72-9EF9-0AF2E02DBE06,0xC8800,0x369800)
13:461  0:001          Result of bootcode detection: bootable unknown (legacy)
13:461  0:000          USB volume
13:461  0:000  - [03]: Volume: PciRoot(0x0)\Pci(0x14,0x0)\USB(0x2,0x0)\HD(3,GPT,A9C2FF51-9851-492F-B1A1-60791311742C,0x472480,0xD9EC7E8)
13:462  0:000          USB volume
13:462  0:000  - [04]: Volume: PciRoot(0x0)\Pci(0x14,0x0)\USB(0x2,0x0)\HD(4,GPT,14F587DA-7E72-4646-864E-C9FC741FAC79,0xDE5EC68,0x135F20)
13:463  0:001          USB volume
13:463  0:000          hiding this volume
13:463  0:000  - [05]: Volume: PciRoot(0x0)\Pci(0x17,0x0)\Sata(0x0,0xFFFF,0x0)
13:477  0:013  - [06]: Volume: PciRoot(0x0)\Pci(0x17,0x0)\Sata(0x1,0xFFFF,0x0)
13:479  0:001  - [07]: Volume: PciRoot(0x0)\Pci(0x17,0x0)\Sata(0x0,0xFFFF,0x0)\HD(1,GPT,CAE84B25-5CB5-4C53-86FD-28C15D91826F,0x800,0xAE800)
13:479  0:000          Result of bootcode detection: bootable Windows (win)
13:479  0:000  - [08]: Volume: PciRoot(0x0)\Pci(0x17,0x0)\Sata(0x0,0xFFFF,0x0)\HD(2,GPT,30AC6848-AA04-42C6-8598-1FC42C7CBBDB,0xAF000,0xDEF1800)
13:480  0:000          Result of bootcode detection: bootable Windows (vista,win)
13:480  0:000  - [09]: Volume: PciRoot(0x0)\Pci(0x17,0x0)\Sata(0x0,0xFFFF,0x0)\HD(3,GPT,FC3FF089-EC45-4DB5-988A-B174A2E57881,0xDFA0800,0xDF83C88)
13:482  0:002          Result of bootcode detection: bootable unknown (legacy)
13:482  0:000  - [10]: Volume: PciRoot(0x0)\Pci(0x17,0x0)\Sata(0x1,0xFFFF,0x0)\HD(1,GPT,5C1D79EF-475B-4050-94D9-6283A7FEC0A3,0x64028,0x25839CC0)
13:483  0:000          Result of bootcode detection: bootable Windows (vista,win)
13:483  0:000  - [11]: Volume: PciRoot(0x0)\Pci(0x17,0x0)\Sata(0x1,0xFFFF,0x0)\HD(2,GPT,5588E3F4-5175-440D-9424-61046E80D6E7,0x2589DCE8,0x3FCF38D9)
13:484  0:001          Result of bootcode detection: bootable Windows (vista,win)
13:484  0:000  - [12]: Volume: PciRoot(0x0)\Pci(0x17,0x0)\Sata(0x0,0xFFFF,0x0)\HD(3,GPT,FC3FF089-EC45-4DB5-988A-B174A2E57881,0xDFA0800,0xDF83C88)\VenMedia(BE74FCF7-0B7C-49F3-9147-01F4042E6842,553C7FDD5BEDF8489EADBB1F59F78A08)
13:485  0:000          hiding this volume
13:485  0:000  - [13]: Volume: PciRoot(0x0)\Pci(0x17,0x0)\Sata(0x0,0xFFFF,0x0)\HD(3,GPT,FC3FF089-EC45-4DB5-988A-B174A2E57881,0xDFA0800,0xDF83C88)\VenMedia(BE74FCF7-0B7C-49F3-9147-01F4042E6842,C051B5AFF7A6B24E909890974CE3171B)
13:485  0:000  - [14]: Volume: PciRoot(0x0)\Pci(0x17,0x0)\Sata(0x0,0xFFFF,0x0)\HD(3,GPT,FC3FF089-EC45-4DB5-988A-B174A2E57881,0xDFA0800,0xDF83C88)\VenMedia(BE74FCF7-0B7C-49F3-9147-01F4042E6842,8A46227F2EC20E4296A58B05DC29E380)
13:485  0:000  - [15]: Volume: PciRoot(0x0)\Pci(0x17,0x0)\Sata(0x0,0xFFFF,0x0)\HD(3,GPT,FC3FF089-EC45-4DB5-988A-B174A2E57881,0xDFA0800,0xDF83C88)\VenMedia(BE74FCF7-0B7C-49F3-9147-01F4042E6842,42E2F82B1603EE4BBD2735053144BEE7)
13:485  0:000          hiding this volume
13:485  0:000  - [16]: Volume: PciRoot(0x0)\Pci(0x17,0x0)\Sata(0x0,0xFFFF,0x0)\HD(3,GPT,FC3FF089-EC45-4DB5-988A-B174A2E57881,0xDFA0800,0xDF83C88)\VenMedia(BE74FCF7-0B7C-49F3-9147-01F4042E6842,421E8C673895084E824C2A5227B343CA)
13:485  0:000  Choosing theme Material
13:485  0:000  after NVRAM boot-args=darkwake=8 -disablegfxfirmware
13:485  0:000  === [ ScanLoader ] ========================================
13:485  0:000  - [01]: 'EFI'
13:497  0:011  - [02]: 'EF'
13:509  0:011  - [03]: 'high'
13:511  0:002          AddLoaderEntry for Volume Name=high
13:516  0:005      Check if volume Is Hibernated:
13:516  0:000      Check sleep image 'by signature':
13:546  0:029      read prefs \Library\Preferences\com.apple.PowerManagement.plist status=Success
13:546  0:000      using default sleep image name = \private\var\vm\sleepimage
13:559  0:013      no valid sleep image offset was found
13:559  0:000       sleepimage offset could not be acquired
13:559  0:000      hibernated: no - sign
13:573  0:013  - [04]: 'Recovery HD', hidden
13:573  0:000  - [07]: 'ESP'
13:573  0:000          AddLoaderEntry for Volume Name=ESP
13:586  0:013  - [12]: 'Preboot', hidden
13:586  0:000  - [13]: 'Mojave'
13:602  0:016          AddLoaderEntry for Volume Name=Mojave
13:618  0:015      Check if volume Is Hibernated:
13:618  0:000      Check sleep image 'by signature':
13:625  0:006      using default sleep image name = \private\var\vm\sleepimage
13:627  0:002      sleepimage not found -> Not Found
13:627  0:000      hibernated: no - sign
15:604  1:976  - [14]: 'Mojave - pn'
15:653  0:049  - [15]: 'Recovery', hidden
15:653  0:000  - [16]: 'VM'
15:665  0:011  === [ AddCustomTool ] =====================================
15:665  0:000  === [ GetEfiBootDeviceFromNvram ] =========================
15:665  0:000  Default boot entry not found
15:665  0:000  DefaultIndex=-1 and MainMenu.EntryCount=7
45:003  29:337  ReinitSelfLib after theme change
45:003  0:000  reinit: self device path=PciRoot(0x0)\Pci(0x14,0x0)\USB(0x2,0x0)\HD(1,GPT,06BC0E80-1241-4697-9F34-D1880C6467C8,0x28,0xC7FF8)
45:003  0:000  === [ ScanVolumes ] =======================================
45:003  0:000  Found 17 volumes with blockIO
45:003  0:000  - [00]: Volume: PciRoot(0x0)\Pci(0x14,0x0)\USB(0x2,0x0)
45:012  0:009          USB volume
45:012  0:000  - [01]: Volume: PciRoot(0x0)\Pci(0x14,0x0)\USB(0x2,0x0)\HD(1,GPT,06BC0E80-1241-4697-9F34-D1880C6467C8,0x28,0xC7FF8)
45:013  0:001          Result of bootcode detection: bootable Windows (win)
45:013  0:000          USB volume
45:013  0:000          This is SelfVolume !!
45:013  0:000  - [02]: Volume: PciRoot(0x0)\Pci(0x14,0x0)\USB(0x2,0x0)\HD(2,GPT,59505840-27F1-4B72-9EF9-0AF2E02DBE06,0xC8800,0x369800)
45:014  0:001          Result of bootcode detection: bootable unknown (legacy)
45:014  0:000          USB volume
45:015  0:000  - [03]: Volume: PciRoot(0x0)\Pci(0x14,0x0)\USB(0x2,0x0)\HD(3,GPT,A9C2FF51-9851-492F-B1A1-60791311742C,0x472480,0xD9EC7E8)
45:015  0:000          USB volume
45:016  0:000  - [04]: Volume: PciRoot(0x0)\Pci(0x14,0x0)\USB(0x2,0x0)\HD(4,GPT,14F587DA-7E72-4646-864E-C9FC741FAC79,0xDE5EC68,0x135F20)
45:017  0:001          USB volume
45:017  0:000          hiding this volume
45:017  0:000  - [05]: Volume: PciRoot(0x0)\Pci(0x17,0x0)\Sata(0x0,0xFFFF,0x0)
45:017  0:000  - [06]: Volume: PciRoot(0x0)\Pci(0x17,0x0)\Sata(0x1,0xFFFF,0x0)
45:019  0:001  - [07]: Volume: PciRoot(0x0)\Pci(0x17,0x0)\Sata(0x0,0xFFFF,0x0)\HD(1,GPT,CAE84B25-5CB5-4C53-86FD-28C15D91826F,0x800,0xAE800)
45:019  0:000          Result of bootcode detection: bootable Windows (win)
45:020  0:000  - [08]: Volume: PciRoot(0x0)\Pci(0x17,0x0)\Sata(0x0,0xFFFF,0x0)\HD(2,GPT,30AC6848-AA04-42C6-8598-1FC42C7CBBDB,0xAF000,0xDEF1800)
45:020  0:000          Result of bootcode detection: bootable Windows (vista,win)
45:020  0:000  - [09]: Volume: PciRoot(0x0)\Pci(0x17,0x0)\Sata(0x0,0xFFFF,0x0)\HD(3,GPT,FC3FF089-EC45-4DB5-988A-B174A2E57881,0xDFA0800,0xDF83C88)
45:022  0:002          Result of bootcode detection: bootable unknown (legacy)
45:022  0:000  - [10]: Volume: PciRoot(0x0)\Pci(0x17,0x0)\Sata(0x1,0xFFFF,0x0)\HD(1,GPT,5C1D79EF-475B-4050-94D9-6283A7FEC0A3,0x64028,0x25839CC0)
45:024  0:001          Result of bootcode detection: bootable Windows (vista,win)
45:024  0:000  - [11]: Volume: PciRoot(0x0)\Pci(0x17,0x0)\Sata(0x1,0xFFFF,0x0)\HD(2,GPT,5588E3F4-5175-440D-9424-61046E80D6E7,0x2589DCE8,0x3FCF38D9)
45:026  0:001          Result of bootcode detection: bootable Windows (vista,win)
45:026  0:000  - [12]: Volume: PciRoot(0x0)\Pci(0x17,0x0)\Sata(0x0,0xFFFF,0x0)\HD(3,GPT,FC3FF089-EC45-4DB5-988A-B174A2E57881,0xDFA0800,0xDF83C88)\VenMedia(BE74FCF7-0B7C-49F3-9147-01F4042E6842,553C7FDD5BEDF8489EADBB1F59F78A08)
45:026  0:000          hiding this volume
45:026  0:000  - [13]: Volume: PciRoot(0x0)\Pci(0x17,0x0)\Sata(0x0,0xFFFF,0x0)\HD(3,GPT,FC3FF089-EC45-4DB5-988A-B174A2E57881,0xDFA0800,0xDF83C88)\VenMedia(BE74FCF7-0B7C-49F3-9147-01F4042E6842,C051B5AFF7A6B24E909890974CE3171B)
45:026  0:000  - [14]: Volume: PciRoot(0x0)\Pci(0x17,0x0)\Sata(0x0,0xFFFF,0x0)\HD(3,GPT,FC3FF089-EC45-4DB5-988A-B174A2E57881,0xDFA0800,0xDF83C88)\VenMedia(BE74FCF7-0B7C-49F3-9147-01F4042E6842,8A46227F2EC20E4296A58B05DC29E380)
45:026  0:000  - [15]: Volume: PciRoot(0x0)\Pci(0x17,0x0)\Sata(0x0,0xFFFF,0x0)\HD(3,GPT,FC3FF089-EC45-4DB5-988A-B174A2E57881,0xDFA0800,0xDF83C88)\VenMedia(BE74FCF7-0B7C-49F3-9147-01F4042E6842,42E2F82B1603EE4BBD2735053144BEE7)
45:026  0:000          hiding this volume
45:026  0:000  - [16]: Volume: PciRoot(0x0)\Pci(0x17,0x0)\Sata(0x0,0xFFFF,0x0)\HD(3,GPT,FC3FF089-EC45-4DB5-988A-B174A2E57881,0xDFA0800,0xDF83C88)\VenMedia(BE74FCF7-0B7C-49F3-9147-01F4042E6842,421E8C673895084E824C2A5227B343CA)
45:026  0:000  Choosing theme Material
45:026  0:000  after NVRAM boot-args=darkwake=8 -disablegfxfirmware
45:027  0:000  === [ ScanLoader ] ========================================
45:027  0:000  - [01]: 'EFI'
45:038  0:011  - [02]: 'EF'
45:050  0:011  - [03]: 'high'
45:052  0:002          AddLoaderEntry for Volume Name=high
45:057  0:005      Check if volume Is Hibernated:
45:057  0:000      Check sleep image 'by signature':
45:086  0:029      read prefs \Library\Preferences\com.apple.PowerManagement.plist status=Success
45:086  0:000      using default sleep image name = \private\var\vm\sleepimage
45:100  0:013      no valid sleep image offset was found
45:100  0:000       sleepimage offset could not be acquired
45:100  0:000      hibernated: no - sign
45:113  0:013  - [04]: 'Recovery HD', hidden
45:113  0:000  - [07]: 'ESP'
45:113  0:000          AddLoaderEntry for Volume Name=ESP
45:126  0:012  - [12]: 'Preboot', hidden
45:126  0:000  - [13]: 'Mojave'
45:142  0:016          AddLoaderEntry for Volume Name=Mojave
45:155  0:013      Check if volume Is Hibernated:
45:155  0:000      Check sleep image 'by signature':
45:162  0:006      using default sleep image name = \private\var\vm\sleepimage
45:164  0:002      sleepimage not found -> Not Found
45:164  0:000      hibernated: no - sign
47:276  2:111  - [14]: 'Mojave - pn'
47:325  0:049  - [15]: 'Recovery', hidden
47:325  0:000  - [16]: 'VM'
47:337  0:011  === [ AddCustomTool ] =====================================
47:337  0:000  === [ GetEfiBootDeviceFromNvram ] =========================
47:337  0:000  Default boot entry not found
47:337  0:000  DefaultIndex=-1 and MainMenu.EntryCount=7
49:749  2:411  ReinitSelfLib after theme change
49:749  0:000  reinit: self device path=PciRoot(0x0)\Pci(0x14,0x0)\USB(0x2,0x0)\HD(1,GPT,06BC0E80-1241-4697-9F34-D1880C6467C8,0x28,0xC7FF8)
49:749  0:000  === [ ScanVolumes ] =======================================
49:749  0:000  Found 17 volumes with blockIO
49:749  0:000  - [00]: Volume: PciRoot(0x0)\Pci(0x14,0x0)\USB(0x2,0x0)
49:750  0:001          USB volume
49:750  0:000  - [01]: Volume: PciRoot(0x0)\Pci(0x14,0x0)\USB(0x2,0x0)\HD(1,GPT,06BC0E80-1241-4697-9F34-D1880C6467C8,0x28,0xC7FF8)
49:751  0:001          Result of bootcode detection: bootable Windows (win)
49:751  0:000          USB volume
49:752  0:000          This is SelfVolume !!
49:752  0:000  - [02]: Volume: PciRoot(0x0)\Pci(0x14,0x0)\USB(0x2,0x0)\HD(2,GPT,59505840-27F1-4B72-9EF9-0AF2E02DBE06,0xC8800,0x369800)
49:753  0:001          Result of bootcode detection: bootable unknown (legacy)
49:753  0:000          USB volume
49:753  0:000  - [03]: Volume: PciRoot(0x0)\Pci(0x14,0x0)\USB(0x2,0x0)\HD(3,GPT,A9C2FF51-9851-492F-B1A1-60791311742C,0x472480,0xD9EC7E8)
49:754  0:000          USB volume
49:754  0:000  - [04]: Volume: PciRoot(0x0)\Pci(0x14,0x0)\USB(0x2,0x0)\HD(4,GPT,14F587DA-7E72-4646-864E-C9FC741FAC79,0xDE5EC68,0x135F20)
49:755  0:001          USB volume
49:755  0:000          hiding this volume
49:755  0:000  - [05]: Volume: PciRoot(0x0)\Pci(0x17,0x0)\Sata(0x0,0xFFFF,0x0)
49:755  0:000  - [06]: Volume: PciRoot(0x0)\Pci(0x17,0x0)\Sata(0x1,0xFFFF,0x0)
49:757  0:001  - [07]: Volume: PciRoot(0x0)\Pci(0x17,0x0)\Sata(0x0,0xFFFF,0x0)\HD(1,GPT,CAE84B25-5CB5-4C53-86FD-28C15D91826F,0x800,0xAE800)
49:757  0:000          Result of bootcode detection: bootable Windows (win)
49:757  0:000  - [08]: Volume: PciRoot(0x0)\Pci(0x17,0x0)\Sata(0x0,0xFFFF,0x0)\HD(2,GPT,30AC6848-AA04-42C6-8598-1FC42C7CBBDB,0xAF000,0xDEF1800)
49:758  0:000          Result of bootcode detection: bootable Windows (vista,win)
49:758  0:000  - [09]: Volume: PciRoot(0x0)\Pci(0x17,0x0)\Sata(0x0,0xFFFF,0x0)\HD(3,GPT,FC3FF089-EC45-4DB5-988A-B174A2E57881,0xDFA0800,0xDF83C88)
49:760  0:002          Result of bootcode detection: bootable unknown (legacy)
49:760  0:000  - [10]: Volume: PciRoot(0x0)\Pci(0x17,0x0)\Sata(0x1,0xFFFF,0x0)\HD(1,GPT,5C1D79EF-475B-4050-94D9-6283A7FEC0A3,0x64028,0x25839CC0)
49:762  0:001          Result of bootcode detection: bootable Windows (vista,win)
49:762  0:000  - [11]: Volume: PciRoot(0x0)\Pci(0x17,0x0)\Sata(0x1,0xFFFF,0x0)\HD(2,GPT,5588E3F4-5175-440D-9424-61046E80D6E7,0x2589DCE8,0x3FCF38D9)
49:764  0:001          Result of bootcode detection: bootable Windows (vista,win)
49:764  0:000  - [12]: Volume: PciRoot(0x0)\Pci(0x17,0x0)\Sata(0x0,0xFFFF,0x0)\HD(3,GPT,FC3FF089-EC45-4DB5-988A-B174A2E57881,0xDFA0800,0xDF83C88)\VenMedia(BE74FCF7-0B7C-49F3-9147-01F4042E6842,553C7FDD5BEDF8489EADBB1F59F78A08)
49:764  0:000          hiding this volume
49:764  0:000  - [13]: Volume: PciRoot(0x0)\Pci(0x17,0x0)\Sata(0x0,0xFFFF,0x0)\HD(3,GPT,FC3FF089-EC45-4DB5-988A-B174A2E57881,0xDFA0800,0xDF83C88)\VenMedia(BE74FCF7-0B7C-49F3-9147-01F4042E6842,C051B5AFF7A6B24E909890974CE3171B)
49:764  0:000  - [14]: Volume: PciRoot(0x0)\Pci(0x17,0x0)\Sata(0x0,0xFFFF,0x0)\HD(3,GPT,FC3FF089-EC45-4DB5-988A-B174A2E57881,0xDFA0800,0xDF83C88)\VenMedia(BE74FCF7-0B7C-49F3-9147-01F4042E6842,8A46227F2EC20E4296A58B05DC29E380)
49:764  0:000  - [15]: Volume: PciRoot(0x0)\Pci(0x17,0x0)\Sata(0x0,0xFFFF,0x0)\HD(3,GPT,FC3FF089-EC45-4DB5-988A-B174A2E57881,0xDFA0800,0xDF83C88)\VenMedia(BE74FCF7-0B7C-49F3-9147-01F4042E6842,42E2F82B1603EE4BBD2735053144BEE7)
49:764  0:000          hiding this volume
49:764  0:000  - [16]: Volume: PciRoot(0x0)\Pci(0x17,0x0)\Sata(0x0,0xFFFF,0x0)\HD(3,GPT,FC3FF089-EC45-4DB5-988A-B174A2E57881,0xDFA0800,0xDF83C88)\VenMedia(BE74FCF7-0B7C-49F3-9147-01F4042E6842,421E8C673895084E824C2A5227B343CA)
49:764  0:000  Choosing theme Material
49:764  0:000  after NVRAM boot-args=darkwake=8 -disablegfxfirmware
49:764  0:000  === [ ScanLoader ] ========================================
49:764  0:000  - [01]: 'EFI'
49:776  0:011  - [02]: 'EF'
49:788  0:011  - [03]: 'high'
49:790  0:002          AddLoaderEntry for Volume Name=high
49:795  0:005      Check if volume Is Hibernated:
49:795  0:000      Check sleep image 'by signature':
49:825  0:029      read prefs \Library\Preferences\com.apple.PowerManagement.plist status=Success
49:825  0:000      using default sleep image name = \private\var\vm\sleepimage
49:838  0:013      no valid sleep image offset was found
49:838  0:000       sleepimage offset could not be acquired
49:838  0:000      hibernated: no - sign
49:851  0:013  - [04]: 'Recovery HD', hidden
49:851  0:000  - [07]: 'ESP'
49:851  0:000          AddLoaderEntry for Volume Name=ESP
49:864  0:012  - [12]: 'Preboot', hidden
49:864  0:000  - [13]: 'Mojave'
49:890  0:026          AddLoaderEntry for Volume Name=Mojave
49:903  0:013      Check if volume Is Hibernated:
49:904  0:000      Check sleep image 'by signature':
49:910  0:006      using default sleep image name = \private\var\vm\sleepimage
49:913  0:002      sleepimage not found -> Not Found
49:913  0:000      hibernated: no - sign
51:893  1:980  - [14]: 'Mojave - pn'
51:943  0:049  - [15]: 'Recovery', hidden
51:943  0:000  - [16]: 'VM'
51:954  0:011  === [ AddCustomTool ] =====================================
51:954  0:000  === [ GetEfiBootDeviceFromNvram ] =========================
51:955  0:000  Default boot entry not found
51:955  0:000  DefaultIndex=-1 and MainMenu.EntryCount=7
59:120  7:165   enter menu with LoadOptions: darkwake=8 -disablegfxfirmware
59:120  0:000   and with FlagsBits = 0x7
63:071  3:951   exit menu with LoadOptions: darkwake=8 -disablegfxfirmware
63:071  0:000   boot with args: darkwake=8 -disablegfxfirmware
65:421  2:350   exit menu with LoadOptions: darkwake=8 -disablegfxfirmware
65:421  0:000   boot with args: darkwake=8 -disablegfxfirmware
66:011  0:589   exit menu with LoadOptions: darkwake=8 -disablegfxfirmware
66:011  0:000   boot with args: darkwake=8 -disablegfxfirmware
69:070  3:059   exit menu with LoadOptions: darkwake=8 -disablegfxfirmware
69:070  0:000   boot with args: darkwake=8 -disablegfxfirmware
70:410  1:340  BootVariable of the entry is empty
70:410  0:000  === [ StartLoader ] =======================================
70:410  0:000  Finally: ExternalClock=25MHz BusSpeed=100013kHz CPUFreq=2400MHz PIS: hw.busfrequency=100000000Hz
70:410  0:000  Loading boot.efi  status=Success
70:632  0:222  GetOSVersion: 10.13.4 (17E199)
70:632  0:000  CSR_CFG: CSR_ALLOW_UNTRUSTED_KEXTS | CSR_ALLOW_UNRESTRICTED_FS | CSR_ALLOW_TASK_FOR_PID | CSR_ALLOW_UNRESTRICTED_DTRACE | CSR_ALLOW_UNRESTRICTED_NVRAM
70:632  0:000  Filtering KextPatches:
70:632  0:000   - [00]: com.apple.driver.AppleBacklight (AppleBacklightInjector.kext (credit RehabMan)) :: BinPatch :: [OS: 10.13.4 | MatchOS: All | MatchBuild: All] ==> allowed
70:632  0:000   - [01]: com.apple.iokit.IOAHCIBlockStorage (Enable TRIM for SSD) :: BinPatch :: [OS: 10.13.4 | MatchOS: All | MatchBuild: All] ==> allowed
70:632  0:000  === [ PatchSmbios ] =======================================
70:632  0:000  insert table 9 for dev 0:0
70:632  0:000  insert table 9 for dev 0:0
70:632  0:000  insert table 9 for dev 0:0
70:633  0:000  Trusting SMBIOS...
70:633  0:000  Detected alternating SMBIOS channel banks
70:633  0:000  Channels: 2
70:633  0:000  Interleave: 0 2 1 3 4 6 5 7 8 10 9 11 12 14 13 15 16 18 17 19 20 22 21 23
70:633  0:000   partNum=M471B5173EB0-YK0  
70:633  0:000  SMBIOS Type 17 Index = 0 => 0 0:
70:633  0:000  BANK 0 DIMM0 1600MHz 4096MB
70:633  0:000   partNum=M471B5173EB0-YK0  
70:633  0:000  SMBIOS Type 17 Index = 1 => 1 2:
70:633  0:000  BANK 1 DIMM0 1600MHz 4096MB
70:633  0:000  mTotalSystemMemory = 8192
70:633  0:000  NumberOfMemoryDevices = 2
70:633  0:000  Type20[0]->End = 0x3FFFFF, Type17[0] = 0x1000
70:633  0:000  Type20[1]->End = 0x7FFFFF, Type17[1] = 0x3000
70:633  0:000  Table 131 is present, CPUType=31
70:633  0:000  Change to: 605
70:633  0:000  === [ PatchACPI ] =========================================
70:633  0:000  RSDT 0x6FFD4028
70:633  0:000  FADT from RSDT: 0x6FFD41B8
70:633  0:000  XSDT 0x6FFD40B8
70:633  0:000  FADT from XSDT: 0x6FFF1CC0
70:633  0:000  Xsdt reallocation done
70:633  0:000  old FADT length=10C
70:633  0:000  Apply DsdtFixMask=0x00000000
70:633  0:000     drop _DSM mask=0x0000
70:633  0:000  === [ FixBiosDsdt ] =======================================
70:633  0:000  VideoCard devID=0x19168086
70:633  0:000  DisplayADR1[0] = 0x20000, DisplayADR2[0] = 0xFFFE
70:633  0:000  USBADR[0] = 0x140000 and PCIe = 0xFFFE
70:633  0:000  Found Airport BCM at 0x1C0004, 0x0
70:647  0:013  Audio HDA (addr:0x1F0003) setting specified layout-id=3 (0x3)
70:647  0:000  Patching DSDT:
70:647  0:000   - [change _DSM to XSDM]: pattern 5F44534D, patched at: [ (2C99) (416) (37E) (37E) (37E) (37E) (37E) (37E) (37E) (37E) (37E) (37E) (37E) (37E) (37E) (37E) (37E) (37E) (37E) (37E) (37E) (1A1F) (97) (52) (C8D) (104) (5ED) (263) (11) (51) (22) (21) (15) (14) (1E) (142F) (EE) (EE) (EE) (EE) (EE) (D9) (D9) (12A) (12A) (12A) (229) (48A) (107D) (14A) (B8) (2F) (4C) (159E) (4D9) (4BC) (4BC) (4BC) (4D5) (4BC) (4BC) (4BC) (4D5) (4BC) (4BC) (4BC) (4BC) (4BC) (4BC) (4BC) (4BC) (4BC) (4BC) (4BC) (259C) (2FCE) ]
70:647  0:000   - [change OSID to IDOS]: pattern 4F534944, patched at: [ (1B76A) (19C) (E2) (F) (6AA) (E94) ]
70:647  0:000   - [change _OSI to XOSI]: pattern 5F4F5349, patched at: [ (79D7) (7114) (3) (11) (18) (1C) (1C) (1A) (18) (18) (18) (18) (CD31) (3) (D) (D) (D) (13) (14) ]
70:648  0:000   - [change HDAS to HDEF]: pattern 48444153, patched at: [ (8CAE) (160E) (86) (D) (A1) (6A) ]
70:648  0:000   - [change HECI to IMEI]: pattern 48454349, patched at: [ (DD00) ]
70:648  0:000   - [chang BRT6 to BRTX]: pattern 20425254, patched at: [ (1BF88) ]
70:648  0:000   - [change GFX0 to IGPU]: pattern 47465830, patched at: [ (2C82) (B39F) (1B) (C00) (A) (6AFD) (1666) (318B) (14) (1B0F) (1E2E) (18) (18) (32) (11) (65) (32) (44) ]
70:648  0:000   - [change SAT0 to SATA]: pattern 53415430, patched at: [ (A556) (30) (B201) (164D) (4EB) (29) (2E) (2E) (2E) (6347) ]
70:648  0:000   - [change EHC1 to EH01]: pattern 45484331, bin not found / already patched!
70:649  0:000   - [change EHC2 to EH02]: pattern 45484332, bin not found / already patched!
70:649  0:000   - [change MEI to IMEI]: pattern 4D45495F, bin not found / already patched!
70:649  0:000   - [change EC0 to EC]: pattern 4543305F, bin not found / already patched!
70:649  0:000   - [change H_EC to EC]: pattern 485F4543, patched at: [ (E6E5) ]
70:649  0:000   - [change ECDV to EC]: pattern 45434456, patched at: [ (1C1EA) (6C3) (3E) (1C) (1B) (DC0) (122) (210) ]
70:649  0:000  first CPU found at 76D0 offset 76D3
70:649  0:000  score candidate at 76CC
70:649  0:000  score inserted in acpi_cpu_score _PR_
70:649  0:000  Found ACPI CPU: CPU0 | CPU1 | CPU2 | CPU3 | CPU4 | CPU5 | CPU6 | CPU7 , within the score: _PR_
70:650  0:000  Found PCIROOTUID = 0
70:650  0:000  === [ ACPIDropTables ] ====================================
70:650  0:000  Drop tables from Xsdt, SIGN=DMAR TableID=SKL  Length=240
70:650  0:000   Xsdt has tables count=26
70:650  0:000   Table: DMAR  SKL   240 dropped
70:650  0:000  Drop tables from Xsdt, SIGN=BGRT TableID= Length=56
70:650  0:000   Xsdt has tables count=25
70:650  0:000   Table: BGRT    56 dropped
70:650  0:000  Drop tables from Xsdt, SIGN=SLIC TableID=CBX3    Length=374
70:650  0:000   Xsdt has tables count=24
70:650  0:000   Table: SLIC  CBX3     374 dropped
70:650  0:000  Drop tables from Xsdt, SIGN=DBG2 TableID= Length=84
70:650  0:000   Xsdt has tables count=23
70:650  0:000   Table: DBG2    84 dropped
70:650  0:000  Drop tables from Xsdt, SIGN=DBGP TableID= Length=52
70:650  0:000   Xsdt has tables count=22
70:650  0:000   Table: DBGP    52 dropped
70:650  0:000  Drop tables from Xsdt, SIGN=LPIT TableID=SKL-ULT Length=148
70:650  0:000   Xsdt has tables count=21
70:650  0:000   Table: LPIT  SKL-ULT  148 dropped
70:650  0:000  Drop tables from Xsdt, SIGN=MCFG TableID=CBX3    Length=60
70:650  0:000   Xsdt has tables count=20
70:650  0:000   Table: MCFG  CBX3     60 dropped
70:650  0:000  Drop tables from Xsdt, SIGN=FIDT TableID=CBX3    Length=156
70:650  0:000   Xsdt has tables count=19
70:650  0:000   Table: FIDT  CBX3     156 dropped
70:650  0:000  Drop tables from Xsdt, SIGN=FPDT TableID=CBX3    Length=68
70:650  0:000   Xsdt has tables count=18
70:650  0:000   Table: FPDT  CBX3     68 dropped
70:650  0:000  Drop tables from Xsdt, SIGN=FACP TableID=CBX3    Length=132
70:650  0:000   Xsdt has tables count=17
70:650  0:000  === [ PatchAllSSDT ] ======================================
70:650  0:000  Patch table: SSDT  SataTabl len=0x315
70:650  0:000  0. [change _DSM to XSDM]: pattern 5F44534D, bin not found / already patched!
70:650  0:000  1. [change OSID to IDOS]: pattern 4F534944, bin not found / already patched!
70:650  0:000  2. [change _OSI to XOSI]: pattern 5F4F5349, bin not found / already patched!
70:650  0:000  3. [change HDAS to HDEF]: pattern 48444153, bin not found / already patched!
70:650  0:000  4. [change HECI to IMEI]: pattern 48454349, bin not found / already patched!
70:650  0:000  5. [chang BRT6 to BRTX]: pattern 20425254, bin not found / already patched!
70:650  0:000  6. [change GFX0 to IGPU]: pattern 47465830, bin not found / already patched!
70:650  0:000  7. [change SAT0 to SATA]: pattern 53415430, patched at: [ (B5) ]
70:650  0:000  8. [change EHC1 to EH01]: pattern 45484331, bin not found / already patched!
70:650  0:000  9. [change EHC2 to EH02]: pattern 45484332, bin not found / already patched!
70:650  0:000  10. [change MEI to IMEI]: pattern 4D45495F, bin not found / already patched!
70:650  0:000  11. [change EC0 to EC]: pattern 4543305F, bin not found / already patched!
70:650  0:000  12. [change H_EC to EC]: pattern 485F4543, bin not found / already patched!
70:650  0:000  13. [change ECDV to EC]: pattern 45434456, bin not found / already patched!
70:650  0:000  Patch table: SSDT  sensrhub len=0x248
70:650  0:000  0. [change _DSM to XSDM]: pattern 5F44534D, patched at: [ (51) ]
70:650  0:000  1. [change OSID to IDOS]: pattern 4F534944, bin not found / already patched!
70:650  0:000  2. [change _OSI to XOSI]: pattern 5F4F5349, bin not found / already patched!
70:650  0:000  3. [change HDAS to HDEF]: pattern 48444153, bin not found / already patched!
70:650  0:000  4. [change HECI to IMEI]: pattern 48454349, bin not found / already patched!
70:650  0:000  5. [chang BRT6 to BRTX]: pattern 20425254, bin not found / already patched!
70:650  0:000  6. [change GFX0 to IGPU]: pattern 47465830, bin not found / already patched!
70:650  0:000  7. [change SAT0 to SATA]: pattern 53415430, bin not found / already patched!
70:650  0:000  8. [change EHC1 to EH01]: pattern 45484331, bin not found / already patched!
70:650  0:000  9. [change EHC2 to EH02]: pattern 45484332, bin not found / already patched!
70:650  0:000  10. [change MEI to IMEI]: pattern 4D45495F, bin not found / already patched!
70:650  0:000  11. [change EC0 to EC]: pattern 4543305F, bin not found / already patched!
70:650  0:000  12. [change H_EC to EC]: pattern 485F4543, bin not found / already patched!
70:650  0:000  13. [change ECDV to EC]: pattern 45434456, bin not found / already patched!
70:650  0:000  Patch table: SSDT  PtidDevc len=0x2BAE
70:650  0:000  0. [change _DSM to XSDM]: pattern 5F44534D, bin not found / already patched!
70:650  0:000  1. [change OSID to IDOS]: pattern 4F534944, bin not found / already patched!
70:650  0:000  2. [change _OSI to XOSI]: pattern 5F4F5349, bin not found / already patched!
70:650  0:000  3. [change HDAS to HDEF]: pattern 48444153, bin not found / already patched!
70:650  0:000  4. [change HECI to IMEI]: pattern 48454349, bin not found / already patched!
70:650  0:000  5. [chang BRT6 to BRTX]: pattern 20425254, bin not found / already patched!
70:650  0:000  6. [change GFX0 to IGPU]: pattern 47465830, bin not found / already patched!
70:650  0:000  7. [change SAT0 to SATA]: pattern 53415430, bin not found / already patched!
70:650  0:000  8. [change EHC1 to EH01]: pattern 45484331, bin not found / already patched!
70:650  0:000  9. [change EHC2 to EH02]: pattern 45484332, bin not found / already patched!
70:650  0:000  10. [change MEI to IMEI]: pattern 4D45495F, bin not found / already patched!
70:650  0:000  11. [change EC0 to EC]: pattern 4543305F, bin not found / already patched!
70:650  0:000  12. [change H_EC to EC]: pattern 485F4543, patched at: [ (C11) (17) (14) (25) (14) (25) (14) (25) (14) (25) (14) (25) (14) (25) (14) (25) (14) (3E) (1A) (14) (24) (14) (24) (14) (24) (14) (24) (14) (121) (17) (14) (25) (14) (25) (14) (25) (14) (25) (14) (25) (14) (25) (14) (25) (14) (25) (14) (56) (1A) (14) (24) (14) (24) (14) (24) (14) (98) (15) (14) (1B) (14) (1D) (14) (1E) (14) (1C) (14) (1E) (14) (1E) (14) (1C) (14) (1C) (14) (1C) (14) (1C) (14) (1C) (14) (1C) (14) (1C) (14) (1C) (14) (1C) (14) (1C) (14) (1D) (14) (16) (14) (35) (14) (16) (14) (4A) (6A) (14) (1B) (14) (1B) (14) (1D) (14) (20) (14) (20) (14) (20) (14) (20) (14) (52) (14) (1B) (14) (1B) (14) (1D) (14) (20) (14) (20) (14) (20) (14) (AB) (15) (14) (1B) (14) (1B) (14) (1C) (14) (1C) (14) (1C) (14) (1C) (14) (1C) (14) (1C) (14) (1C) (14) (1C) (14) (1C) (14) (1C) (14) (1C) (14) (1C) (14) (1C) (14) (1C) (14) (1C) (14) (1C) (14) (1C) (14) (1C) (14) (1C) (14) (1C) (14) (1C) (14) (1C) (14) (1C) (14) (3A) (14) (19) (13) (19) (13) (1A) (13) (1A) (13) (1A) (13) (1A) (13) (1A) (13) (1A) (13) (1A) (13) (1A) (13) (1A) (13) (1A) (13) (1A) (13) (1A) (13) (1A) (13) (1A) (13) (1A) (13) (1A) (13) (1A) (13) (1A) (13) (1A) (13) (1A) (13) (1A) (13) (1A) (13) (1A) (13) (1A) (13) (21) (14) (21) (14) (23) (15) (14) (25) (15) (14) (19) (14) (1D) (14) (1D) (14) ]
70:650  0:000  13. [change ECDV to EC]: pattern 45434456, bin not found / already patched!
70:650  0:000  Patch table: SSDT  Ther_Rvp len=0xC45
70:650  0:000  0. [change _DSM to XSDM]: pattern 5F44534D, bin not found / already patched!
70:650  0:000  1. [change OSID to IDOS]: pattern 4F534944, bin not found / already patched!
70:650  0:000  2. [change _OSI to XOSI]: pattern 5F4F5349, bin not found / already patched!
70:650  0:000  3. [change HDAS to HDEF]: pattern 48444153, bin not found / already patched!
70:650  0:000  4. [change HECI to IMEI]: pattern 48454349, bin not found / already patched!
70:650  0:000  5. [chang BRT6 to BRTX]: pattern 20425254, bin not found / already patched!
70:650  0:000  6. [change GFX0 to IGPU]: pattern 47465830, bin not found / already patched!
70:650  0:000  7. [change SAT0 to SATA]: pattern 53415430, bin not found / already patched!
70:650  0:000  8. [change EHC1 to EH01]: pattern 45484331, bin not found / already patched!
70:650  0:000  9. [change EHC2 to EH02]: pattern 45484332, bin not found / already patched!
70:650  0:000  10. [change MEI to IMEI]: pattern 4D45495F, bin not found / already patched!
70:650  0:000  11. [change EC0 to EC]: pattern 4543305F, bin not found / already patched!
70:650  0:000  12. [change H_EC to EC]: pattern 485F4543, patched at: [ (8B) (18) (13) (3B) (18) (15) (15) (13) (76) (18) (13) (3B) (15) (15) (15) (13) (76) (15) (13) (3B) (15) (15) (15) (13) (77) (15) (13) (3B) (15) (15) (15) (13) (77) (15) (13) (31) (15) (13) (27B) (14) (183) (14) (1A) (14) ]
70:650  0:000  13. [change ECDV to EC]: pattern 45434456, bin not found / already patched!
70:651  0:000  Patch table: SSDT  xh_rvp07 len=0x740
70:651  0:000  0. [change _DSM to XSDM]: pattern 5F44534D, bin not found / already patched!
70:651  0:000  1. [change OSID to IDOS]: pattern 4F534944, bin not found / already patched!
70:651  0:000  2. [change _OSI to XOSI]: pattern 5F4F5349, bin not found / already patched!
70:651  0:000  3. [change HDAS to HDEF]: pattern 48444153, bin not found / already patched!
70:651  0:000  4. [change HECI to IMEI]: pattern 48454349, bin not found / already patched!
70:651  0:000  5. [chang BRT6 to BRTX]: pattern 20425254, bin not found / already patched!
70:651  0:000  6. [change GFX0 to IGPU]: pattern 47465830, bin not found / already patched!
70:651  0:000  7. [change SAT0 to SATA]: pattern 53415430, bin not found / already patched!
70:651  0:000  8. [change EHC1 to EH01]: pattern 45484331, bin not found / already patched!
70:651  0:000  9. [change EHC2 to EH02]: pattern 45484332, bin not found / already patched!
70:651  0:000  10. [change MEI to IMEI]: pattern 4D45495F, bin not found / already patched!
70:651  0:000  11. [change EC0 to EC]: pattern 4543305F, bin not found / already patched!
70:651  0:000  12. [change H_EC to EC]: pattern 485F4543, bin not found / already patched!
70:651  0:000  13. [change ECDV to EC]: pattern 45434456, bin not found / already patched!
70:651  0:000  Patch table: SSDT  SaSsdt  len=0x3531
70:651  0:000  0. [change _DSM to XSDM]: pattern 5F44534D, patched at: [ (443) (361) (32C) (D76) ]
70:651  0:000  1. [change OSID to IDOS]: pattern 4F534944, bin not found / already patched!
70:651  0:000  2. [change _OSI to XOSI]: pattern 5F4F5349, bin not found / already patched!
70:651  0:000  3. [change HDAS to HDEF]: pattern 48444153, bin not found / already patched!
70:651  0:000  4. [change HECI to IMEI]: pattern 48454349, bin not found / already patched!
70:651  0:000  5. [chang BRT6 to BRTX]: pattern 20425254, bin not found / already patched!
70:651  0:000  6. [change GFX0 to IGPU]: pattern 47465830, patched at: [ (D92) (88A) (1D) (6F5) ]
70:651  0:000  7. [change SAT0 to SATA]: pattern 53415430, bin not found / already patched!
70:651  0:000  8. [change EHC1 to EH01]: pattern 45484331, bin not found / already patched!
70:651  0:000  9. [change EHC2 to EH02]: pattern 45484332, bin not found / already patched!
70:651  0:000  10. [change MEI to IMEI]: pattern 4D45495F, bin not found / already patched!
70:651  0:000  11. [change EC0 to EC]: pattern 4543305F, bin not found / already patched!
70:651  0:000  12. [change H_EC to EC]: pattern 485F4543, bin not found / already patched!
70:651  0:000  13. [change ECDV to EC]: pattern 45434456, bin not found / already patched!
70:651  0:000  Patch table: SSDT  CpuSsdt len=0xE58
70:651  0:000  0. [change _DSM to XSDM]: pattern 5F44534D, bin not found / already patched!
70:651  0:000  1. [change OSID to IDOS]: pattern 4F534944, bin not found / already patched!
70:651  0:000  2. [change _OSI to XOSI]: pattern 5F4F5349, bin not found / already patched!
70:651  0:000  3. [change HDAS to HDEF]: pattern 48444153, bin not found / already patched!
70:651  0:000  4. [change HECI to IMEI]: pattern 48454349, bin not found / already patched!
70:651  0:000  5. [chang BRT6 to BRTX]: pattern 20425254, bin not found / already patched!
70:651  0:000  6. [change GFX0 to IGPU]: pattern 47465830, bin not found / already patched!
70:651  0:000  7. [change SAT0 to SATA]: pattern 53415430, bin not found / already patched!
70:651  0:000  8. [change EHC1 to EH01]: pattern 45484331, bin not found / already patched!
70:651  0:000  9. [change EHC2 to EH02]: pattern 45484332, bin not found / already patched!
70:651  0:000  10. [change MEI to IMEI]: pattern 4D45495F, bin not found / already patched!
70:651  0:000  11. [change EC0 to EC]: pattern 4543305F, bin not found / already patched!
70:651  0:000  12. [change H_EC to EC]: pattern 485F4543, bin not found / already patched!
70:651  0:000  13. [change ECDV to EC]: pattern 45434456, bin not found / already patched!
70:651  0:000  Patch table: SSDT  SgPch len=0x527
70:651  0:000  0. [change _DSM to XSDM]: pattern 5F44534D, bin not found / already patched!
70:651  0:000  1. [change OSID to IDOS]: pattern 4F534944, bin not found / already patched!
70:651  0:000  2. [change _OSI to XOSI]: pattern 5F4F5349, bin not found / already patched!
70:651  0:000  3. [change HDAS to HDEF]: pattern 48444153, bin not found / already patched!
70:651  0:000  4. [change HECI to IMEI]: pattern 48454349, bin not found / already patched!
70:651  0:000  5. [chang BRT6 to BRTX]: pattern 20425254, bin not found / already patched!
70:651  0:000  6. [change GFX0 to IGPU]: pattern 47465830, bin not found / already patched!
70:651  0:000  7. [change SAT0 to SATA]: pattern 53415430, bin not found / already patched!
70:651  0:000  8. [change EHC1 to EH01]: pattern 45484331, bin not found / already patched!
70:651  0:000  9. [change EHC2 to EH02]: pattern 45484332, bin not found / already patched!
70:651  0:000  10. [change MEI to IMEI]: pattern 4D45495F, bin not found / already patched!
70:651  0:000  11. [change EC0 to EC]: pattern 4543305F, bin not found / already patched!
70:651  0:000  12. [change H_EC to EC]: pattern 485F4543, bin not found / already patched!
70:651  0:000  13. [change ECDV to EC]: pattern 45434456, bin not found / already patched!
70:651  0:000  Patch table: SSDT  AmdTabl len=0xDC8
70:651  0:000  0. [change _DSM to XSDM]: pattern 5F44534D, bin not found / already patched!
70:651  0:000  1. [change OSID to IDOS]: pattern 4F534944, bin not found / already patched!
70:651  0:000  2. [change _OSI to XOSI]: pattern 5F4F5349, bin not found / already patched!
70:651  0:000  3. [change HDAS to HDEF]: pattern 48444153, bin not found / already patched!
70:651  0:000  4. [change HECI to IMEI]: pattern 48454349, bin not found / already patched!
70:651  0:000  5. [chang BRT6 to BRTX]: pattern 20425254, bin not found / already patched!
70:651  0:000  6. [change GFX0 to IGPU]: pattern 47465830, patched at: [ (6C) (A10) (10) (18) (10) (6D) (13) (10) (17) (12) (13) (12) (10) (35) (1D) (11) (10) (2A) (10) (27) (11) (10) (29) (27) (11) (10) (29) (10) ]
70:651  0:000  7. [change SAT0 to SATA]: pattern 53415430, bin not found / already patched!
70:651  0:000  8. [change EHC1 to EH01]: pattern 45484331, bin not found / already patched!
70:651  0:000  9. [change EHC2 to EH02]: pattern 45484332, bin not found / already patched!
70:651  0:000  10. [change MEI to IMEI]: pattern 4D45495F, bin not found / already patched!
70:651  0:000  11. [change EC0 to EC]: pattern 4543305F, bin not found / already patched!
70:651  0:000  12. [change H_EC to EC]: pattern 485F4543, patched at: [ (873) ]
70:651  0:000  13. [change ECDV to EC]: pattern 45434456, bin not found / already patched!
70:651  0:000  Drop tables from Xsdt, SIGN=XXXX TableID= Length=0
70:651  0:000   Xsdt has tables count=17
70:651  0:000  === [ ACPIPatchedAML ] ====================================
70:651  0:000  Sorted
70:651  0:000  Inserting table[0]:SSDT-Config.aml from EFI\CLOVER\ACPI\patched ... Success
70:654  0:002  Inserting table[1]:SSDT-Dell_FN.aml from EFI\CLOVER\ACPI\patched ... Success
70:656  0:002  Inserting table[2]:SSDT-Disable_DGPU.aml from EFI\CLOVER\ACPI\patched ... Success
70:656  0:000  Inserting table[3]:SSDT-PNLF.aml from EFI\CLOVER\ACPI\patched ... Success
70:656  0:000  Inserting table[4]:SSDT-SATA.aml from EFI\CLOVER\ACPI\patched ... Success
70:658  0:002  Inserting table[5]:SSDT-XOSI.aml from EFI\CLOVER\ACPI\patched ... Success
70:658  0:000  Inserting table[6]:SSDT-ALC256-CC.aml from EFI\CLOVER\ACPI\patched ... Not Found
70:658  0:000  Inserting table[7]:SSDT-PluginType1.aml from EFI\CLOVER\ACPI\patched ... Success
70:658  0:000  Inserting table[8]:System DSDT.aml from EFI\CLOVER\ACPI\patched ... Not Found
70:658  0:000  CPUBase=0 and ApicCPUBase=1 ApicCPUNum=1
70:658  0:000  === [ RestSetup macOS ] ===================================
70:658  0:000  EdidDiscovered size=128
70:658  0:000  ------- EDID Table
70:658  0:000  000  |  00  FF  FF  FF  FF  FF  FF  00  09  E5
70:658  0:000  010  |  20  06  00  00  00  00  01  18  01  04
70:658  0:000  020  |  95  22  13  78  0A  24  10  97  59  54
70:658  0:000  030  |  8E  27  1E  50  54  00  00  00  01  01
70:658  0:000  040  |  01  01  01  01  01  01  01  01  01  01
70:658  0:000  050  |  01  01  01  01  64  1B  56  77  50  00
70:658  0:000  060  |  13  30  30  20  36  00  58  C2  10  00
70:658  0:000  070  |  00  1A  A2  17  56  B9  50  00  2D  30
70:658  0:000  080  |  30  20  36  00  58  C2  10  00  00  1A
70:658  0:000  090  |  00  00  00  FE  00  50  44  4A  4A  48
70:658  0:000  100  |  80  4E  54  31  35  36  57  48  00  00
70:658  0:000  110  |  00  00  00  00  41  01  94  00  10  00
70:658  0:000  120  |  00  09  01  0A  20  20  00  9C
70:658  0:000  Intel HD Graphics 520 [8086:1916] :: PciRoot(0x0)\Pci(0x2,0x0)
70:658  0:000    Found Full Wide XGA Display - 16:9 :: Width=1366 Height=768
70:658  0:000    Beginning DualLink auto-detection
70:658  0:000    Low Resolution Display
70:658  0:000    AAPL00,DualLink: not used
70:658  0:000    FakeID Intel GFX: not set
70:658  0:000    ig-platform-id = 0x19160000
70:658  0:000    Beginning Intel GFX auto-detection with ACPI injection
70:658  0:000    Found FakeID Intel GFX = 0x19168086
70:658  0:000  Intel GFX revision  = 0x7
70:659  0:000  ATI injection not set
70:659  0:000   RCBA disabled; cannot use it
70:659  0:000   setting specified layout-id=3 (0x3)
70:659  0:000  stringlength = 1750
70:659  0:000  CurrentMode: Width=1366 Height=768
70:659  0:000  Beginning FSInjection
FSInjectionInstall ...
- Our FSI_SIMPLE_FILE_SYSTEM_PROTOCOL installed on handle: 6CE22698
FSInjectionInstall ...
- Our FSI_SIMPLE_FILE_SYSTEM_PROTOCOL installed on handle: 6CE22698
70:669  0:009  Use origin smbios table type 1 guid.
70:737  0:068  Extra kext folder of 10.13 does not found - skip
70:737  0:000  Preparing kexts injection for arch=x86_64 from EFI\CLOVER\kexts\Other
70:737  0:000  Extra kext: EFI\CLOVER\kexts\Other\VoodooPS2Controller.kext
70:741  0:003    |-- PlugIn kext: EFI\CLOVER\kexts\Other\VoodooPS2Controller.kext\Contents\PlugIns\VoodooPS2Trackpad.kext
70:750  0:008    |-- PlugIn kext: EFI\CLOVER\kexts\Other\VoodooPS2Controller.kext\Contents\PlugIns\VoodooPS2Mouse.kext
70:754  0:004    |-- PlugIn kext: EFI\CLOVER\kexts\Other\VoodooPS2Controller.kext\Contents\PlugIns\VoodooPS2Keyboard.kext
70:768  0:014  Extra kext: EFI\CLOVER\kexts\Other\SATA-100-series-unsupported.kext
70:770  0:001  Extra kext: EFI\CLOVER\kexts\Other\RealtekRTL8111.kext
70:787  0:017  Extra kext: EFI\CLOVER\kexts\Other\Lilu.kext
70:791  0:004  Extra kext: EFI\CLOVER\kexts\Other\IntelGraphicsFixup.kext
70:793  0:001  Extra kext: EFI\CLOVER\kexts\Other\IntelGraphicsDVMTFixup.kext
70:794  0:001  Extra kext: EFI\CLOVER\kexts\Other\FakeSMC.kext
70:805  0:010    |-- PlugIn kext: EFI\CLOVER\kexts\Other\FakeSMC.kext\Contents\PlugIns\LPCSensors.kext
70:844  0:039    |-- PlugIn kext: EFI\CLOVER\kexts\Other\FakeSMC.kext\Contents\PlugIns\GPUSensors.kext
70:855  0:010    |-- PlugIn kext: EFI\CLOVER\kexts\Other\FakeSMC.kext\Contents\PlugIns\CPUSensors.kext
70:860  0:005    |-- PlugIn kext: EFI\CLOVER\kexts\Other\FakeSMC.kext\Contents\PlugIns\ACPISensors.kext
70:869  0:009  Extra kext: EFI\CLOVER\kexts\Other\FakePCIID_Intel_HD_Graphics.kext
70:874  0:004  Extra kext: EFI\CLOVER\kexts\Other\FakePCIID_Broadcom_WiFi.kext
70:878  0:004  Extra kext: EFI\CLOVER\kexts\Other\FakePCIID.kext
70:881  0:002  Extra kext: EFI\CLOVER\kexts\Other\CodecCommander.kext
70:895  0:014  Extra kext: EFI\CLOVER\kexts\Other\BrcmPatchRAM2.kext
70:946  0:050  Extra kext: EFI\CLOVER\kexts\Other\BrcmFirmwareData.kext
71:018  0:072  Extra kext: EFI\CLOVER\kexts\Other\AppleALC.kext
71:027  0:008    |-- PlugIn kext: EFI\CLOVER\kexts\Other\AppleALC.kext\Contents\PlugIns\PinConfigs.kext
71:033  0:005  Extra kext: EFI\CLOVER\kexts\Other\AirportBrcmFixup.kext
71:041  0:007  Extra kext: EFI\CLOVER\kexts\Other\ACPIBatteryManager.kext
71:054  0:013  Custom boot is disabled
71:055  0:000  Closing log
