0:100  0:100  MemLog inited, TSC freq: 2400332300
0:100  0:000  CPU was calibrated without ACPI PM Timer: ACPI I/O space is not enabled., use RTC
0:100  0:000  
0:100  0:000  Now is 8.2.2018,  23:47:32 (GMT)
0:100  0:000  Starting Clover revision: 4220 on American Megatrends EFI
0:100  0:000  Build with: [Args: -D NO_GRUB_DRIVERS_EMBEDDED | -D NO_GRUB_DRIVERS_EMBEDDED -D USE_LOW_EBDA -a X64 -b RELEASE -t XCODE5 -n 5 | OS: 10.12.6 | XCODE: 8.3.3]
0:100  0:000  SelfDevicePath=PciRoot(0x0)\Pci(0x17,0x0)\Sata(0x1,0xFFFF,0x0)\HD(1,GPT,232E2A80-FC0D-4CE0-A930-EFDEE6AC8D5D,0x800,0xAE800) @6CE0BA18
0:100  0:000  SelfDirPath = \EFI\CLOVER
0:100  0:000  === [ Get Smbios ] ========================================
0:100  0:000  Type 16 Index = 0
0:100  0:000  Total Memory Slots Count = 2
0:100  0:000  Type 17 Index = 0
0:100  0:000  SmbiosTable.Type17->Speed = 1600MHz
0:100  0:000  SmbiosTable.Type17->Size = 4096MB
0:100  0:000  SmbiosTable.Type17->Bank/Device = BANK 0 DIMM A
0:100  0:000  SmbiosTable.Type17->Vendor = Samsung
0:100  0:000  SmbiosTable.Type17->SerialNumber = 12151215
0:100  0:000  SmbiosTable.Type17->PartNumber = M471B5173EB0-YK0  
0:100  0:000  Type 17 Index = 1
0:100  0:000  SmbiosTable.Type17->Speed = 1600MHz
0:100  0:000  SmbiosTable.Type17->Size = 4096MB
0:100  0:000  SmbiosTable.Type17->Bank/Device = BANK 2 DIMM B
0:100  0:000  SmbiosTable.Type17->Vendor = Samsung
0:100  0:000  SmbiosTable.Type17->SerialNumber = 12121212
0:100  0:000  SmbiosTable.Type17->PartNumber = M471B5173EB0-YK0  
0:100  0:000  Boot status=0
0:100  0:000  Running on: 'Vostro 3559' with board '0PW9RW'
0:100  0:000  === [ GetCPUProperties ] ==================================
0:100  0:000  CPU Vendor = 756E6547 Model=406E3
0:100  0:000   The CPU supported SSE4.1
0:100  0:000   The CPU supported turbo
0:100  0:000  BrandString = Intel(R) Core(TM) i5-6200U CPU @ 2.30GHz
0:100  0:000   TSC/CCC Information Leaf:
0:100  0:000    numerator     : 200
0:100  0:000    denominator   : 2
0:100  0:000   Calibrated ARTFrequency: 24003323
0:100  0:000  MSR 0xE2 before patch 1E008005
0:100  0:000  MSR 0xE2 is locked, PM patches will be turned on
0:100  0:000  MSR 0xCE              0004043D_F1011800
0:100  0:000  MSR 0x1A0             00850089
0:100  0:000  corrected FLEX_RATIO = 0
0:100  0:000  MSR 0x1B0             00000000
0:100  0:000  FSBFrequency = 95 MHz, DMI FSBFrequency = 100 MHz, Corrected FSBFrequency = 100 MHz
0:100  0:000  MaxDiv/MinDiv: 24.0/4
0:100  0:000  Turbo: 27/27/27/28
0:100  0:000  Features: 0xBFEBFBFF
0:100  0:000  Threads: 4
0:100  0:000  Cores: 2
0:100  0:000  FSB: 100 MHz
0:100  0:000  CPU: 2300 MHz
0:100  0:000  TSC: 2300 MHz
0:100  0:000  PIS: 100 MHz
0:100  0:000  ExternalClock: 25 MHz
0:100  0:000  === [ GetDevices ] ========================================
0:100  0:000  PCI (00|00:00.00) : 8086 1904 class=060000
0:100  0:000  PCI (00|00:02.00) : 8086 1916 class=030000
0:100  0:000   - GFX: Model=Intel HD Graphics 520 (Intel)
0:100  0:000  PCI (00|00:14.00) : 8086 9D2F class=0C0330
0:100  0:000  PCI (00|00:14.02) : 8086 9D31 class=118000
0:100  0:000  PCI (00|00:15.00) : 8086 9D60 class=118000
0:100  0:000  PCI (00|00:15.01) : 8086 9D61 class=118000
0:100  0:000  PCI (00|00:16.00) : 8086 9D3A class=078000
0:100  0:000  PCI (00|00:17.00) : 8086 9D03 class=010601
0:100  0:000  PCI (00|00:1C.00) : 8086 9D10 class=060400
0:100  0:000  PCI (00|01:00.00) : 1002 6907 class=038000
0:100  0:000   - GFX: Model=AMD Unknown (ATI/AMD)
0:100  0:000   - RADEON_BIOS_0_SCRATCH = 0x00000000
0:100  0:000  PCI (00|00:1C.04) : 8086 9D14 class=060400
0:100  0:000  PCI (00|02:00.00) : 14E4 43B1 class=028000
0:100  0:000   - WIFI: Vendor=Broadcom
0:100  0:000  PCI (00|00:1C.05) : 8086 9D15 class=060400
0:100  0:000  PCI (00|03:00.00) : 10EC 8168 class=020000
0:100  0:000   - LAN: 0 Vendor=Realtek
0:100  0:000  PCI (00|00:1F.00) : 8086 9D48 class=060100
0:100  0:000  PCI (00|00:1F.02) : 8086 9D21 class=058000
0:100  0:000  PCI (00|00:1F.03) : 8086 9D70 class=040300
0:100  0:000  PCI (00|00:1F.04) : 8086 9D23 class=0C0500
0:100  0:000  === [ GetDefaultSettings ] ================================
0:100  0:000  Clover load options size = 150 bytes
0:100  0:000  EFI\CLOVER\.plist not loaded with name from LoadOptions: Invalid Parameter
0:102  0:002  EFI\CLOVER\config.plist loaded: Success
0:102  0:000  === [ GetListOfThemes ] ===================================
0:103  0:001  - [00]: Material
0:106  0:002  - [01]: random
0:107  0:001  === [ Found config plists ] ===============================
0:107  0:000  - config.plist
0:107  0:000  === [ GetEarlyUserSettings ] ==============================
0:107  0:000  timeout set to 5
0:107  0:000  Custom boot CUSTOM_BOOT_DISABLED (0x0)
0:107  0:000  KextsToPatch: 2 requested
0:107  0:000   - [00]: com.apple.iokit.IOAHCIBlockStorage (Enable TRIM for SSD) :: BinPatch :: data len: 11
0:107  0:000   - [01]: com.apple.driver.AppleBacklight (AppleBacklightInjector.kext (credit RehabMan)) :: BinPatch :: data len: 9
0:107  0:000  Default theme: a
0:107  0:000  Hiding entries with string Recovery
0:107  0:000  Hiding entries with string Preboot
0:107  0:000  === [ LoadDrivers ] =======================================
0:108  0:001  Loading apfs.efi  status=Success
0:111  0:002   - driver needs connecting
0:111  0:000  Loading AppleImageCodec-64.efi  status=Success
0:111  0:000  Loading AppleKeyAggregator-64.efi  status=Success
0:111  0:000  Loading AppleUITheme-64.efi  status=Success
0:113  0:001  Loading DataHubDxe-64.efi  status=Success
0:122  0:009  Loading EmuVariableUefi-64.efi  status=Success
0:122  0:000  EmuVariableUefi Initialize: VariableCommonInitialize = Success, orig services stored, install gEmuVariableControlProtocolGuid = Success
0:122  0:000  Loading Fat-64.efi  status=Success
0:123  0:000   - driver needs connecting
0:123  0:000  Loading FirmwareVolume-64.efi  status=Success
0:124  0:000  Loading FSInject-64.efi  status=Success
0:124  0:000  Loading OsxAptioFix2Drv-64.efi  status=Success
0:124  0:000  Loading OsxFatBinaryDrv-64.efi  status=Success
0:125  0:000  Loading PartitionDxe-64.efi  status=Success
0:125  0:000   - driver needs connecting
0:125  0:000  Loading SMCHelper-64.efi  status=Success
0:125  0:000  Loading VBoxHfs-64.efi  status=Success
0:127  0:001   - driver needs connecting
0:127  0:000  4 drivers needs connecting ...
0:127  0:000  PlatformDriverOverrideProtocol->GetDriver overriden
0:127  0:000  Partition driver loaded: 
0:127  0:000  APFS driver loaded
0:127  0:000  Searching for invalid DiskIo BY_DRIVER connects: not found, all ok
0:750  0:623  EmuVariable InstallEmulation: orig vars copied, emu.var.services installed, CreateEvent VirtualAddressChange = Success, CreateEvent ExitBootServices = Success, set Status=Success
0:782  0:031  === [ InitScreen ] ========================================
0:782  0:000  SetScreenResolution: 1920x1080 - not found!
0:782  0:000  SetMaxResolution: found best mode 3: 1366x768
0:782  0:000   - already set
0:782  0:000  Console modes reported: 4, available modes:
0:782  0:000   - [01]: 80x25
0:782  0:000   - [02]: 80x25
0:782  0:000   - [03]: 100x31
0:782  0:000   - [04]: 170x40 (current mode)
0:782  0:000  reinit: self device path=PciRoot(0x0)\Pci(0x17,0x0)\Sata(0x1,0xFFFF,0x0)\HD(1,GPT,232E2A80-FC0D-4CE0-A930-EFDEE6AC8D5D,0x800,0xAE800)
0:782  0:000  Using embedded font: Success
0:783  0:000  === [ GetMacAddress ] =====================================
0:783  0:000   get legacy LAN MAC, 1 card found
0:783  0:000  Legacy MAC address of LAN #0= 20:47:47:D5:BB:08:
0:783  0:000  === [ ScanSPD ] ===========================================
0:784  0:000  SMBus device : 8086 9D23 class=0C0500 status=Success
0:784  0:000  SMBus CmdReg: 0x3
0:784  0:000  Scanning SMBus [8086:9D23], mmio: 0xDF52A004, ioport: 0xF040, hostc: 0x11
0:784  0:000  Slots to scan [8]...
0:784  0:000  SPD[0]: Type 11 @0x50
0:802  0:017  DDR speed 1600MHz
0:802  0:000  Slot: 0 Type 24 4096MB 1600MHz Vendor=Samsung PartNo=M471B5173EB0-YK0 SerialNo=0107040507000A06
0:802  0:000  SPD[2]: Type 11 @0x52
0:820  0:017  DDR speed 1600MHz
0:820  0:000  Slot: 2 Type 24 4096MB 1600MHz Vendor=Samsung PartNo=M471B5173EB0-YK0 SerialNo=0908020304040503
0:820  0:000  === [ GetAcpiTablesList ] =================================
0:820  0:000  Get Acpi Tables List from RSDT:
0:820  0:000   - [00]: FACP  CBX3    len=132
0:820  0:000   - [01]: APIC  CBX3    len=132
0:820  0:000   - [02]: FPDT  CBX3    len=68
0:820  0:000   - [03]: FIDT  CBX3    len=156
0:820  0:000   - [04]: MCFG  CBX3    len=60
0:820  0:000   - [05]: HPET  CBX3    len=56
0:820  0:000   - [06]: SSDT  SataTabl len=789
0:820  0:000   - [07]: LPIT  SKL-ULT len=148
0:820  0:000   - [08]: SSDT  sensrhub len=584
0:820  0:000   - [09]: SSDT  PtidDevc len=11182
0:820  0:000   - [10]: SSDT  Ther_Rvp len=3141
0:820  0:000   - [11]: DBGP   len=52
0:820  0:000   - [12]: DBG2   len=84
0:820  0:000   - [13]: SSDT  xh_rvp07 len=1856
0:820  0:000   - [14]: BOOT  CBX3     len=40
0:820  0:000   - [15]: SSDT  SaSsdt  len=13617
0:820  0:000   - [16]: UEFI   len=66
0:820  0:000   - [17]: SSDT  CpuSsdt len=3672
0:820  0:000   - [18]: MSDM  CBX3    len=85
0:820  0:000   - [19]: SLIC  CBX3    len=374
0:820  0:000   - [20]: BGRT   len=56
0:820  0:000   - [21]: SSDT  SgPch len=1319
0:820  0:000   - [22]: DMAR  SKL  len=240
0:820  0:000   - [23]: SSDT  AmdTabl len=3528
0:820  0:000   - [24]: ASF!   HCG len=165
0:820  0:000  Calibrated TSC Frequency = 2400332300 = 2400MHz
0:821  0:000  === [ GetUserSettings ] ===================================
0:821  0:000  USB FixOwnership: yes
0:821  0:000  Dropping 11 tables:
0:821  0:000   - [00]: Drop table  signature="DBGP" (50474244)
0:821  0:000           - set table: 50474244,                0 to drop: yes
0:821  0:000   - [01]: Drop table  signature="BGRT" (54524742)
0:821  0:000           - set table: 54524742,                0 to drop: yes
0:821  0:000   - [02]: Drop table  signature="MCFG" (4746434D)
0:821  0:000           - set table: 4746434D,                0 to drop: yes
0:821  0:000   - [03]: Drop table  signature="DMAR" (52414D44)
0:821  0:000           - set table: 52414D44,                0 to drop: yes
0:821  0:000   - [04]: Drop table  signature="FACP" (50434146)
0:821  0:000           - set table: 50434146,                0 to drop: yes
0:821  0:000   - [05]: Drop table  signature="WSMT" (544D5357)
0:821  0:000           - set table: 544D5357,                0 to drop: no
0:821  0:000   - [06]: Drop table  signature="DBG2" (32474244)
0:821  0:000           - set table: 32474244,                0 to drop: yes
0:821  0:000   - [07]: Drop table  signature="FIDT" (54444946)
0:821  0:000           - set table: 54444946,                0 to drop: yes
0:821  0:000   - [08]: Drop table  signature="LPIT" (5449504C)
0:821  0:000           - set table: 5449504C,                0 to drop: yes
0:821  0:000   - [09]: Drop table  signature="FPDT" (54445046)
0:821  0:000           - set table: 54445046,                0 to drop: yes
0:821  0:000   - [10]: Drop table  signature="SLIC" (43494C53)
0:821  0:000           - set table: 43494C53,                0 to drop: yes
0:821  0:000   - final DSDT Fix mask=00000000
0:821  0:000  PatchesDSDT: 11 requested
0:821  0:000   - [00]: (change _DSM to XSDM) lenToFind: 4, lenToReplace: 4
0:821  0:000   - [01]: (change OSID to IDOS) lenToFind: 4, lenToReplace: 4
0:821  0:000   - [02]: (change _OSI to XOSI) lenToFind: 4, lenToReplace: 4
0:821  0:000   - [03]: (change HDAS to HDEF) lenToFind: 4, lenToReplace: 4
0:821  0:000   - [04]: (change HECI to IMEI) lenToFind: 4, lenToReplace: 4
0:821  0:000   - [05]: (chang BRT6 to BRTX) lenToFind: 5, lenToReplace: 5
0:821  0:000   - [06]: (change GFX0 to IGPU) lenToFind: 4, lenToReplace: 4
0:821  0:000   - [07]: (change SAT0 to SATA) lenToFind: 4, lenToReplace: 4
0:821  0:000   - [08]: (change EHC1 to EH01) lenToFind: 4, lenToReplace: 4
0:821  0:000   - [09]: (change EHC2 to EH02) lenToFind: 4, lenToReplace: 4
0:821  0:000   - [10]: (change MEI to IMEI) lenToFind: 4, lenToReplace: 4
0:821  0:000  ResetAddr: 0xB2
0:821  0:000  Calc ResetVal: 0x0
0:821  0:000  ResetVal: 0x73
0:821  0:000  Using ProductName from config
0:821  0:000  ProductName: MacBookPro14,1
0:821  0:000  Found same BiosVersion in clover and config
0:821  0:000  BiosVersion: MBP141.88Z.0167.B00.1708080034
0:821  0:000  BiosReleaseDate: 08/08/2017
0:821  0:000  Using FirmwareFeatures from config
0:821  0:000  FirmwareFeatures: 0xFC0FE136
0:821  0:000  Using FirmwareFeaturesMask from clover
0:821  0:000  FirmwareFeaturesMask: 0xFF1FFF3F
0:821  0:000  PlatformFeature: 0x1A
0:821  0:000  Board-ID set from config as Mac-B4831CEBD52A0C4C
0:821  0:000  BoardType: 0xA
0:821  0:000  ChassisType: 0x9
0:824  0:002  === [ ScanVolumes ] =======================================
0:824  0:000  Found 18 volumes with blockIO
0:824  0:000  - [00]: Volume: PciRoot(0x0)\Pci(0x14,0x0)\USB(0xC,0x0)
0:825  0:000          USB volume
0:825  0:000  - [01]: Volume: PciRoot(0x0)\Pci(0x14,0x0)\USB(0xC,0x0)\HD(1,GPT,43160127-2430-43CF-A3C1-B09DC4CBEB76,0x28,0x64000)
0:826  0:001          Result of bootcode detection: bootable unknown (legacy)
0:826  0:000          USB volume
0:826  0:000  - [02]: Volume: PciRoot(0x0)\Pci(0x14,0x0)\USB(0xC,0x0)\HD(2,GPT,A93FEC0E-1F6D-4CA4-B133-83AD99E1771F,0x64028,0x99A988)
0:827  0:001          USB volume
0:827  0:000  - [03]: Volume: PciRoot(0x0)\Pci(0x17,0x0)\Sata(0x0,0xFFFF,0x0)
0:856  0:029  - [04]: Volume: PciRoot(0x0)\Pci(0x17,0x0)\Sata(0x1,0xFFFF,0x0)
0:857  0:000  - [05]: Volume: PciRoot(0x0)\Pci(0x17,0x0)\Sata(0x0,0xFFFF,0x0)\HD(1,GPT,1264917A-733F-4894-BDFA-AE83989BCB06,0x800,0xB7000)
0:864  0:007          Result of bootcode detection: bootable Windows (vista,win)
0:866  0:002  - [06]: Volume: PciRoot(0x0)\Pci(0x17,0x0)\Sata(0x0,0xFFFF,0x0)\HD(2,GPT,74B3F58A-0EF3-46D5-9DFC-E7A7A46A954F,0xB7800,0xC8008E0)
0:878  0:011  - [07]: Volume: PciRoot(0x0)\Pci(0x17,0x0)\Sata(0x0,0xFFFF,0x0)\HD(3,GPT,A916FE37-80C4-4A16-BFC8-2A4EEF987B52,0xC8B80E0,0x135F20)
0:893  0:015          hiding this volume
0:893  0:000  - [08]: Volume: PciRoot(0x0)\Pci(0x17,0x0)\Sata(0x0,0xFFFF,0x0)\HD(4,GPT,D7577EFB-4B99-4523-977B-1AE71F7DE724,0xC9EE000,0xC859D32)
0:906  0:012          Result of bootcode detection: bootable Windows (vista,win)
0:906  0:000  - [09]: Volume: PciRoot(0x0)\Pci(0x17,0x0)\Sata(0x0,0xFFFF,0x0)\HD(5,GPT,32785D95-7C31-48CF-A971-3964FBA9EB79,0x19248000,0x759B800)
0:917  0:011  - [10]: Volume: PciRoot(0x0)\Pci(0x17,0x0)\Sata(0x0,0xFFFF,0x0)\HD(6,GPT,4C243FE7-69D5-4399-896C-464793A8B6FC,0x207E3800,0xF89800)
0:930  0:013  - [11]: Volume: PciRoot(0x0)\Pci(0x17,0x0)\Sata(0x0,0xFFFF,0x0)\HD(7,GPT,BE780665-680A-4FCD-84CE-FDA7C72B2651,0x2176D308,0x29B64E08)
0:941  0:010          Result of bootcode detection: bootable Windows (vista,win)
0:941  0:000  - [12]: Volume: PciRoot(0x0)\Pci(0x17,0x0)\Sata(0x0,0xFFFF,0x0)\HD(8,GPT,D21D22E6-47E5-4EFA-B14C-2A5BCE6EA2A8,0x4B2D2110,0x14998CA5)
0:955  0:013          Result of bootcode detection: bootable Windows (vista,win)
0:955  0:000  - [13]: Volume: PciRoot(0x0)\Pci(0x17,0x0)\Sata(0x0,0xFFFF,0x0)\HD(9,GPT,61BF9694-54ED-4B0E-B8CB-E246B9356C4C,0x5FC6ADB8,0x14A9BFD7)
0:977  0:022          Result of bootcode detection: bootable Windows (vista,win)
0:977  0:000  - [14]: Volume: PciRoot(0x0)\Pci(0x17,0x0)\Sata(0x1,0xFFFF,0x0)\HD(1,GPT,232E2A80-FC0D-4CE0-A930-EFDEE6AC8D5D,0x800,0xAE800)
0:978  0:000          Result of bootcode detection: bootable Windows (vista,win)
0:981  0:002          This is SelfVolume !!
0:981  0:000  - [15]: Volume: PciRoot(0x0)\Pci(0x17,0x0)\Sata(0x1,0xFFFF,0x0)\HD(2,GPT,1EDFEE0E-5911-4072-A1A4-6951F1657F7A,0xAF000,0x40000)
0:981  0:000          Result of bootcode detection: bootable unknown (legacy)
0:982  0:000  - [16]: Volume: PciRoot(0x0)\Pci(0x17,0x0)\Sata(0x1,0xFFFF,0x0)\HD(3,GPT,AA974EC9-E615-438E-A6F8-B66F09B7D705,0xEF000,0xDD12A99)
0:982  0:000          Result of bootcode detection: bootable Windows (vista,win)
0:982  0:000  - [17]: Volume: PciRoot(0x0)\Pci(0x17,0x0)\Sata(0x1,0xFFFF,0x0)\HD(4,GPT,CADA23F2-1DE8-47BA-B0A5-F5E1600E6EC6,0xDE02000,0x192000)
0:983  0:000          Result of bootcode detection: bootable Windows (vista,win)
1:027  0:043  PutNvramPlistToRtVars: nvram.plist not found
1:027  0:000  === [ InitTheme ] =========================================
1:027  0:000  GlobalConfig: theme.plist not found, get random theme Material
1:027  0:000  Using theme 'Material' (EFI\CLOVER\themes\Material)
1:027  0:000  OS main and drive as badge
1:027  0:000  Warning! Character width 9 should be even!
1:030  0:002  Loading font from ThemeDir: Success
1:030  0:000  Choosing theme Material
1:030  0:000  after NVRAM boot-args=darkwake=no -disablegfxfirmware
1:030  0:000  === [ Dump SMC keys from NVRAM ] ==========================
1:030  0:000  found AppleSMC protocol
1:030  0:000  === [ ScanLoader ] ========================================
1:030  0:000  - [01]: 'EFI'
1:061  0:030  - [02]: 'macOS Sierra 10.12.6  '
1:062  0:001          AddLoaderEntry for Volume Name=macOS Sierra 10.12.6  
1:083  0:020  - [05]: 'EFI'
1:097  0:013  - [06]: 'Mac OS'
1:098  0:001          AddLoaderEntry for Volume Name=Mac OS
1:120  0:021  - [07]: 'Recovery HD', hidden
1:120  0:000  - [14]: 'WIN10'
1:120  0:000          AddLoaderEntry for Volume Name=WIN10
1:140  0:019  === [ AddCustomTool ] =====================================
1:144  0:003  EmuVariable InstallEmulation: EFI_ALREADY_STARTED
1:144  0:000  === [ GetEfiBootDeviceFromNvram ] =========================
1:144  0:000   - found entry 2. 'Boot Microsoft EFI Boot from WIN10', Volume 'WIN10', DevicePath 'PciRoot(0x0)\Pci(0x17,0x0)\Sata(0x1,0xFFFF,0x0)\HD(1,GPT,232E2A80-FC0D-4CE0-A930-EFDEE6AC8D5D,0x800,0xAE800)\EFI\microsoft\Boot\bootmgfw.efii'
1:144  0:000  EmuVariable UninstallEmulation: CloseEvent = Success, original var services restored
1:144  0:000  DefaultIndex=2 and MainMenu.EntryCount=7
1:279  0:135  GUI ready
35:228  33:948  ReinitSelfLib after theme change
35:228  0:000  reinit: self device path=PciRoot(0x0)\Pci(0x17,0x0)\Sata(0x1,0xFFFF,0x0)\HD(1,GPT,232E2A80-FC0D-4CE0-A930-EFDEE6AC8D5D,0x800,0xAE800)
35:228  0:000  === [ ScanVolumes ] =======================================
35:228  0:000  Found 15 volumes with blockIO
35:228  0:000  - [00]: Volume: PciRoot(0x0)\Pci(0x17,0x0)\Sata(0x0,0xFFFF,0x0)
35:252  0:024  - [01]: Volume: PciRoot(0x0)\Pci(0x17,0x0)\Sata(0x1,0xFFFF,0x0)
35:253  0:000  - [02]: Volume: PciRoot(0x0)\Pci(0x17,0x0)\Sata(0x0,0xFFFF,0x0)\HD(1,GPT,1264917A-733F-4894-BDFA-AE83989BCB06,0x800,0xB7000)
35:260  0:007          Result of bootcode detection: bootable Windows (vista,win)
35:260  0:000  - [03]: Volume: PciRoot(0x0)\Pci(0x17,0x0)\Sata(0x0,0xFFFF,0x0)\HD(2,GPT,74B3F58A-0EF3-46D5-9DFC-E7A7A46A954F,0xB7800,0xC8008E0)
35:263  0:003  - [04]: Volume: PciRoot(0x0)\Pci(0x17,0x0)\Sata(0x0,0xFFFF,0x0)\HD(3,GPT,A916FE37-80C4-4A16-BFC8-2A4EEF987B52,0xC8B80E0,0x135F20)
35:279  0:015          hiding this volume
35:279  0:000  - [05]: Volume: PciRoot(0x0)\Pci(0x17,0x0)\Sata(0x0,0xFFFF,0x0)\HD(4,GPT,D7577EFB-4B99-4523-977B-1AE71F7DE724,0xC9EE000,0xC859D32)
35:290  0:011          Result of bootcode detection: bootable Windows (vista,win)
35:290  0:000  - [06]: Volume: PciRoot(0x0)\Pci(0x17,0x0)\Sata(0x0,0xFFFF,0x0)\HD(5,GPT,32785D95-7C31-48CF-A971-3964FBA9EB79,0x19248000,0x759B800)
35:302  0:011  - [07]: Volume: PciRoot(0x0)\Pci(0x17,0x0)\Sata(0x0,0xFFFF,0x0)\HD(6,GPT,4C243FE7-69D5-4399-896C-464793A8B6FC,0x207E3800,0xF89800)
35:316  0:014  - [08]: Volume: PciRoot(0x0)\Pci(0x17,0x0)\Sata(0x0,0xFFFF,0x0)\HD(7,GPT,BE780665-680A-4FCD-84CE-FDA7C72B2651,0x2176D308,0x29B64E08)
35:327  0:010          Result of bootcode detection: bootable Windows (vista,win)
35:327  0:000  - [09]: Volume: PciRoot(0x0)\Pci(0x17,0x0)\Sata(0x0,0xFFFF,0x0)\HD(8,GPT,D21D22E6-47E5-4EFA-B14C-2A5BCE6EA2A8,0x4B2D2110,0x14998CA5)
35:340  0:013          Result of bootcode detection: bootable Windows (vista,win)
35:340  0:000  - [10]: Volume: PciRoot(0x0)\Pci(0x17,0x0)\Sata(0x0,0xFFFF,0x0)\HD(9,GPT,61BF9694-54ED-4B0E-B8CB-E246B9356C4C,0x5FC6ADB8,0x14A9BFD7)
35:362  0:022          Result of bootcode detection: bootable Windows (vista,win)
35:362  0:000  - [11]: Volume: PciRoot(0x0)\Pci(0x17,0x0)\Sata(0x1,0xFFFF,0x0)\HD(1,GPT,232E2A80-FC0D-4CE0-A930-EFDEE6AC8D5D,0x800,0xAE800)
35:363  0:000          Result of bootcode detection: bootable Windows (vista,win)
35:363  0:000          This is SelfVolume !!
35:363  0:000  - [12]: Volume: PciRoot(0x0)\Pci(0x17,0x0)\Sata(0x1,0xFFFF,0x0)\HD(2,GPT,1EDFEE0E-5911-4072-A1A4-6951F1657F7A,0xAF000,0x40000)
35:364  0:000          Result of bootcode detection: bootable unknown (legacy)
35:364  0:000  - [13]: Volume: PciRoot(0x0)\Pci(0x17,0x0)\Sata(0x1,0xFFFF,0x0)\HD(3,GPT,AA974EC9-E615-438E-A6F8-B66F09B7D705,0xEF000,0xDD12A99)
35:365  0:000          Result of bootcode detection: bootable Windows (vista,win)
35:365  0:000  - [14]: Volume: PciRoot(0x0)\Pci(0x17,0x0)\Sata(0x1,0xFFFF,0x0)\HD(4,GPT,CADA23F2-1DE8-47BA-B0A5-F5E1600E6EC6,0xDE02000,0x192000)
35:366  0:000          Result of bootcode detection: bootable Windows (vista,win)
35:366  0:000  PutNvramPlistToRtVars: nvram.plist not found
35:366  0:000  Choosing theme Material
35:366  0:000  after NVRAM boot-args=darkwake=no -disablegfxfirmware
35:366  0:000  === [ ScanLoader ] ========================================
35:366  0:000  - [02]: 'EFI'
35:388  0:021  - [03]: 'Mac OS'
35:388  0:000          AddLoaderEntry for Volume Name=Mac OS
35:407  0:019  - [04]: 'Recovery HD', hidden
35:407  0:000  - [11]: 'WIN10'
35:407  0:000          AddLoaderEntry for Volume Name=WIN10
35:425  0:018  === [ AddCustomTool ] =====================================
35:425  0:000  EmuVariable InstallEmulation: orig vars copied, emu.var.services installed, CreateEvent VirtualAddressChange = Success, CreateEvent ExitBootServices = Success, set Status=Success
35:458  0:032  === [ GetEfiBootDeviceFromNvram ] =========================
35:458  0:000   - found entry 1. 'Boot Microsoft EFI Boot from WIN10', Volume 'WIN10', DevicePath 'PciRoot(0x0)\Pci(0x17,0x0)\Sata(0x1,0xFFFF,0x0)\HD(1,GPT,232E2A80-FC0D-4CE0-A930-EFDEE6AC8D5D,0x800,0xAE800)\EFI\microsoft\Boot\bootmgfw.efii'
35:458  0:000  EmuVariable UninstallEmulation: CloseEvent = Success, original var services restored
35:458  0:000  DefaultIndex=1 and MainMenu.EntryCount=6
38:111  2:652   enter menu with LoadOptions: darkwake=no -disablegfxfirmware
38:111  0:000   and with FlagsBits = 0x7
40:706  2:595   exit menu with LoadOptions: darkwake=no -disablegfxfirmware -v 
40:706  0:000   boot with args: darkwake=no -disablegfxfirmware -v 
40:706  0:000  BootVariable of the entry is empty
40:706  0:000  === [ StartLoader ] =======================================
40:706  0:000  Finally: ExternalClock=25MHz BusSpeed=100013kHz CPUFreq=2400MHz PIS: hw.busfrequency=100000000Hz
40:706  0:000  Loading boot.efi  status=Success
40:866  0:160  GetOSVersion: 10.12
40:867  0:000  CSR_CFG: CSR_ALLOW_UNTRUSTED_KEXTS | CSR_ALLOW_UNRESTRICTED_FS | CSR_ALLOW_TASK_FOR_PID | CSR_ALLOW_UNRESTRICTED_DTRACE | CSR_ALLOW_UNRESTRICTED_NVRAM
40:867  0:000  Filtering KextPatches:
40:867  0:000   - [00]: com.apple.iokit.IOAHCIBlockStorage (Enable TRIM for SSD) :: BinPatch :: [OS: 10.12 | MatchOS: All | MatchBuild: All] ==> allowed
40:867  0:000   - [01]: com.apple.driver.AppleBacklight (AppleBacklightInjector.kext (credit RehabMan)) :: BinPatch :: [OS: 10.12 | MatchOS: All | MatchBuild: All] ==> allowed
40:867  0:000  Will not patch boot.efi
40:867  0:000  EmuVariable InstallEmulation: orig vars copied, emu.var.services installed, CreateEvent VirtualAddressChange = Success, CreateEvent ExitBootServices = Success, set Status=Success
40:900  0:033  === [ PatchSmbios ] =======================================
40:900  0:000  insert table 9 for dev 0:0
40:900  0:000  insert table 9 for dev 0:0
40:900  0:000  insert table 9 for dev 0:0
40:901  0:000  Detected alternating SMBIOS channel banks
40:901  0:000  Channels: 2
40:901  0:000  Interleave: 0 2 1 3 4 6 5 7 8 10 9 11 12 14 13 15 16 18 17 19 20 22 21 23
40:901  0:000  SMBIOS Type 17 Index = 0 => 0 0:
40:901  0:000  BANK 0 DIMM0 1600MHz 4096MB
40:901  0:000  SMBIOS Type 17 Index = 1 => 1 2:
40:901  0:000  BANK 1 DIMM0 1600MHz 4096MB
40:901  0:000  mTotalSystemMemory = 8192
40:901  0:000  NumberOfMemoryDevices = 2
40:901  0:000  Type20[0]->End = 0x3FFFFF, Type17[0] = 0x1000
40:901  0:000  Type20[1]->End = 0x7FFFFF, Type17[1] = 0x3000
40:901  0:000  Table 131 is present, CPUType=31
40:901  0:000  Change to: 605
40:901  0:000  === [ PatchACPI ] =========================================
40:901  0:000  RSDT 0x6FFD4028
40:901  0:000  FADT from RSDT: 0x6FFD41A8
40:901  0:000  XSDT 0x6FFD40B8
40:901  0:000  FADT from XSDT: 0x6FFF1CB0
40:901  0:000  Xsdt reallocation done
40:901  0:000  old FADT length=10C
40:901  0:000  Apply DsdtFixMask=0x00000000
40:901  0:000     drop _DSM mask=0x0000
40:901  0:000  === [ FixBiosDsdt ] =======================================
40:901  0:000  VideoCard devID=0x19168086
40:901  0:000  DisplayADR1[0] = 0x20000, DisplayADR2[0] = 0xFFFE
40:901  0:000  USBADR[0] = 0x140000 and PCIe = 0xFFFE
40:902  0:000  Found Airport BCM at 0x1C0004, 0x0
40:915  0:013  Audio HDA (addr:0x1F0003) setting specified layout-id=13 (0xD)
40:915  0:000  Patching DSDT:
40:915  0:000   - [change _DSM to XSDM]: pattern 5F44534D, patched at: [ (2C99) (416) (37E) (37E) (37E) (37E) (37E) (37E) (37E) (37E) (37E) (37E) (37E) (37E) (37E) (37E) (37E) (37E) (37E) (37E) (37E) (1A1F) (97) (52) (C8D) (104) (5ED) (263) (11) (51) (22) (21) (15) (14) (1E) (142F) (EE) (EE) (EE) (EE) (EE) (D9) (D9) (12A) (12A) (12A) (229) (48A) (107D) (14A) (B8) (2F) (4C) (159E) (4D9) (4BC) (4BC) (4BC) (4D5) (4BC) (4BC) (4BC) (4D5) (4BC) (4BC) (4BC) (4BC) (4BC) (4BC) (4BC) (4BC) (4BC) (4BC) (4BC) (259C) (2FCE) ]
40:915  0:000   - [change OSID to IDOS]: pattern 4F534944, patched at: [ (1B76A) (19C) (E2) (F) (6AA) (E94) ]
40:916  0:000   - [change _OSI to XOSI]: pattern 5F4F5349, patched at: [ (79D7) (7114) (3) (11) (18) (1C) (1C) (1A) (18) (18) (18) (18) (CD31) (3) (D) (D) (D) (13) (14) ]
40:916  0:000   - [change HDAS to HDEF]: pattern 48444153, patched at: [ (8CAE) (160E) (86) (D) (A1) (6A) ]
40:916  0:000   - [change HECI to IMEI]: pattern 48454349, patched at: [ (DD00) ]
40:916  0:000   - [chang BRT6 to BRTX]: pattern 20425254, patched at: [ (1BF88) ]
40:916  0:000   - [change GFX0 to IGPU]: pattern 47465830, patched at: [ (2C82) (B39F) (1B) (C00) (A) (6AFD) (1666) (318B) (14) (1B0F) (1E2E) (18) (18) (32) (11) (65) (32) (44) ]
40:916  0:000   - [change SAT0 to SATA]: pattern 53415430, patched at: [ (A556) (30) (B201) (164D) (4EB) (29) (2E) (2E) (2E) (6347) ]
40:917  0:000   - [change EHC1 to EH01]: pattern 45484331, bin not found / already patched!
40:917  0:000   - [change EHC2 to EH02]: pattern 45484332, bin not found / already patched!
40:917  0:000   - [change MEI to IMEI]: pattern 4D45495F, bin not found / already patched!
40:917  0:000  first CPU found at 76D0 offset 76D3
40:917  0:000  score candidate at 76CC
40:917  0:000  score inserted in acpi_cpu_score _PR_
40:917  0:000  Found ACPI CPU: CPU0 | CPU1 | CPU2 | CPU3 | CPU4 | CPU5 | CPU6 | CPU7 , within the score: _PR_
40:918  0:000  Found PCIROOTUID = 0
40:918  0:000  === [ ACPIDropTables ] ====================================
40:918  0:000  Drop tables from Xsdt, SIGN=DMAR TableID=SKL  Length=240
40:918  0:000   Xsdt has tables count=25
40:918  0:000   Table: DMAR  SKL   240 dropped
40:918  0:000  Drop tables from Xsdt, SIGN=BGRT TableID= Length=56
40:918  0:000   Xsdt has tables count=24
40:918  0:000   Table: BGRT    56 dropped
40:918  0:000  Drop tables from Xsdt, SIGN=SLIC TableID=CBX3    Length=374
40:918  0:000   Xsdt has tables count=23
40:918  0:000   Table: SLIC  CBX3     374 dropped
40:918  0:000  Drop tables from Xsdt, SIGN=DBG2 TableID= Length=84
40:918  0:000   Xsdt has tables count=22
40:918  0:000   Table: DBG2    84 dropped
40:918  0:000  Drop tables from Xsdt, SIGN=DBGP TableID= Length=52
40:918  0:000   Xsdt has tables count=21
40:918  0:000   Table: DBGP    52 dropped
40:918  0:000  Drop tables from Xsdt, SIGN=LPIT TableID=SKL-ULT Length=148
40:918  0:000   Xsdt has tables count=20
40:918  0:000   Table: LPIT  SKL-ULT  148 dropped
40:918  0:000  Drop tables from Xsdt, SIGN=MCFG TableID=CBX3    Length=60
40:918  0:000   Xsdt has tables count=19
40:918  0:000   Table: MCFG  CBX3     60 dropped
40:918  0:000  Drop tables from Xsdt, SIGN=FIDT TableID=CBX3    Length=156
40:918  0:000   Xsdt has tables count=18
40:918  0:000   Table: FIDT  CBX3     156 dropped
40:918  0:000  Drop tables from Xsdt, SIGN=FPDT TableID=CBX3    Length=68
40:918  0:000   Xsdt has tables count=17
40:918  0:000   Table: FPDT  CBX3     68 dropped
40:918  0:000  Drop tables from Xsdt, SIGN=FACP TableID=CBX3    Length=132
40:918  0:000   Xsdt has tables count=16
40:918  0:000  === [ PatchAllSSDT ] ======================================
40:918  0:000  Patch table: SSDT  SataTabl len=0x315
40:918  0:000  0. [change _DSM to XSDM]: pattern 5F44534D, bin not found / already patched!
40:918  0:000  1. [change OSID to IDOS]: pattern 4F534944, bin not found / already patched!
40:918  0:000  2. [change _OSI to XOSI]: pattern 5F4F5349, bin not found / already patched!
40:918  0:000  3. [change HDAS to HDEF]: pattern 48444153, bin not found / already patched!
40:918  0:000  4. [change HECI to IMEI]: pattern 48454349, bin not found / already patched!
40:918  0:000  5. [chang BRT6 to BRTX]: pattern 20425254, bin not found / already patched!
40:918  0:000  6. [change GFX0 to IGPU]: pattern 47465830, bin not found / already patched!
40:918  0:000  7. [change SAT0 to SATA]: pattern 53415430, patched at: [ (B5) ]
40:918  0:000  8. [change EHC1 to EH01]: pattern 45484331, bin not found / already patched!
40:918  0:000  9. [change EHC2 to EH02]: pattern 45484332, bin not found / already patched!
40:918  0:000  10. [change MEI to IMEI]: pattern 4D45495F, bin not found / already patched!
40:918  0:000  Patch table: SSDT  sensrhub len=0x248
40:918  0:000  0. [change _DSM to XSDM]: pattern 5F44534D, patched at: [ (51) ]
40:918  0:000  1. [change OSID to IDOS]: pattern 4F534944, bin not found / already patched!
40:918  0:000  2. [change _OSI to XOSI]: pattern 5F4F5349, bin not found / already patched!
40:918  0:000  3. [change HDAS to HDEF]: pattern 48444153, bin not found / already patched!
40:918  0:000  4. [change HECI to IMEI]: pattern 48454349, bin not found / already patched!
40:918  0:000  5. [chang BRT6 to BRTX]: pattern 20425254, bin not found / already patched!
40:918  0:000  6. [change GFX0 to IGPU]: pattern 47465830, bin not found / already patched!
40:918  0:000  7. [change SAT0 to SATA]: pattern 53415430, bin not found / already patched!
40:918  0:000  8. [change EHC1 to EH01]: pattern 45484331, bin not found / already patched!
40:918  0:000  9. [change EHC2 to EH02]: pattern 45484332, bin not found / already patched!
40:918  0:000  10. [change MEI to IMEI]: pattern 4D45495F, bin not found / already patched!
40:918  0:000  Patch table: SSDT  PtidDevc len=0x2BAE
40:918  0:000  0. [change _DSM to XSDM]: pattern 5F44534D, bin not found / already patched!
40:918  0:000  1. [change OSID to IDOS]: pattern 4F534944, bin not found / already patched!
40:918  0:000  2. [change _OSI to XOSI]: pattern 5F4F5349, bin not found / already patched!
40:918  0:000  3. [change HDAS to HDEF]: pattern 48444153, bin not found / already patched!
40:918  0:000  4. [change HECI to IMEI]: pattern 48454349, bin not found / already patched!
40:918  0:000  5. [chang BRT6 to BRTX]: pattern 20425254, bin not found / already patched!
40:918  0:000  6. [change GFX0 to IGPU]: pattern 47465830, bin not found / already patched!
40:918  0:000  7. [change SAT0 to SATA]: pattern 53415430, bin not found / already patched!
40:918  0:000  8. [change EHC1 to EH01]: pattern 45484331, bin not found / already patched!
40:918  0:000  9. [change EHC2 to EH02]: pattern 45484332, bin not found / already patched!
40:918  0:000  10. [change MEI to IMEI]: pattern 4D45495F, bin not found / already patched!
40:918  0:000  Patch table: SSDT  Ther_Rvp len=0xC45
40:918  0:000  0. [change _DSM to XSDM]: pattern 5F44534D, bin not found / already patched!
40:918  0:000  1. [change OSID to IDOS]: pattern 4F534944, bin not found / already patched!
40:918  0:000  2. [change _OSI to XOSI]: pattern 5F4F5349, bin not found / already patched!
40:918  0:000  3. [change HDAS to HDEF]: pattern 48444153, bin not found / already patched!
40:918  0:000  4. [change HECI to IMEI]: pattern 48454349, bin not found / already patched!
40:918  0:000  5. [chang BRT6 to BRTX]: pattern 20425254, bin not found / already patched!
40:918  0:000  6. [change GFX0 to IGPU]: pattern 47465830, bin not found / already patched!
40:918  0:000  7. [change SAT0 to SATA]: pattern 53415430, bin not found / already patched!
40:918  0:000  8. [change EHC1 to EH01]: pattern 45484331, bin not found / already patched!
40:918  0:000  9. [change EHC2 to EH02]: pattern 45484332, bin not found / already patched!
40:918  0:000  10. [change MEI to IMEI]: pattern 4D45495F, bin not found / already patched!
40:918  0:000  Patch table: SSDT  xh_rvp07 len=0x740
40:918  0:000  0. [change _DSM to XSDM]: pattern 5F44534D, bin not found / already patched!
40:918  0:000  1. [change OSID to IDOS]: pattern 4F534944, bin not found / already patched!
40:918  0:000  2. [change _OSI to XOSI]: pattern 5F4F5349, bin not found / already patched!
40:918  0:000  3. [change HDAS to HDEF]: pattern 48444153, bin not found / already patched!
40:918  0:000  4. [change HECI to IMEI]: pattern 48454349, bin not found / already patched!
40:918  0:000  5. [chang BRT6 to BRTX]: pattern 20425254, bin not found / already patched!
40:918  0:000  6. [change GFX0 to IGPU]: pattern 47465830, bin not found / already patched!
40:918  0:000  7. [change SAT0 to SATA]: pattern 53415430, bin not found / already patched!
40:918  0:000  8. [change EHC1 to EH01]: pattern 45484331, bin not found / already patched!
40:918  0:000  9. [change EHC2 to EH02]: pattern 45484332, bin not found / already patched!
40:918  0:000  10. [change MEI to IMEI]: pattern 4D45495F, bin not found / already patched!
40:918  0:000  Patch table: SSDT  SaSsdt  len=0x3531
40:918  0:000  0. [change _DSM to XSDM]: pattern 5F44534D, patched at: [ (443) (361) (32C) (D76) ]
40:918  0:000  1. [change OSID to IDOS]: pattern 4F534944, bin not found / already patched!
40:918  0:000  2. [change _OSI to XOSI]: pattern 5F4F5349, bin not found / already patched!
40:918  0:000  3. [change HDAS to HDEF]: pattern 48444153, bin not found / already patched!
40:918  0:000  4. [change HECI to IMEI]: pattern 48454349, bin not found / already patched!
40:918  0:000  5. [chang BRT6 to BRTX]: pattern 20425254, bin not found / already patched!
40:918  0:000  6. [change GFX0 to IGPU]: pattern 47465830, patched at: [ (D92) (88A) (1D) (6F5) ]
40:918  0:000  7. [change SAT0 to SATA]: pattern 53415430, bin not found / already patched!
40:918  0:000  8. [change EHC1 to EH01]: pattern 45484331, bin not found / already patched!
40:918  0:000  9. [change EHC2 to EH02]: pattern 45484332, bin not found / already patched!
40:918  0:000  10. [change MEI to IMEI]: pattern 4D45495F, bin not found / already patched!
40:918  0:000  Patch table: SSDT  CpuSsdt len=0xE58
40:918  0:000  0. [change _DSM to XSDM]: pattern 5F44534D, bin not found / already patched!
40:918  0:000  1. [change OSID to IDOS]: pattern 4F534944, bin not found / already patched!
40:918  0:000  2. [change _OSI to XOSI]: pattern 5F4F5349, bin not found / already patched!
40:918  0:000  3. [change HDAS to HDEF]: pattern 48444153, bin not found / already patched!
40:918  0:000  4. [change HECI to IMEI]: pattern 48454349, bin not found / already patched!
40:918  0:000  5. [chang BRT6 to BRTX]: pattern 20425254, bin not found / already patched!
40:918  0:000  6. [change GFX0 to IGPU]: pattern 47465830, bin not found / already patched!
40:918  0:000  7. [change SAT0 to SATA]: pattern 53415430, bin not found / already patched!
40:918  0:000  8. [change EHC1 to EH01]: pattern 45484331, bin not found / already patched!
40:918  0:000  9. [change EHC2 to EH02]: pattern 45484332, bin not found / already patched!
40:918  0:000  10. [change MEI to IMEI]: pattern 4D45495F, bin not found / already patched!
40:918  0:000  Patch table: SSDT  SgPch len=0x527
40:918  0:000  0. [change _DSM to XSDM]: pattern 5F44534D, bin not found / already patched!
40:918  0:000  1. [change OSID to IDOS]: pattern 4F534944, bin not found / already patched!
40:918  0:000  2. [change _OSI to XOSI]: pattern 5F4F5349, bin not found / already patched!
40:918  0:000  3. [change HDAS to HDEF]: pattern 48444153, bin not found / already patched!
40:918  0:000  4. [change HECI to IMEI]: pattern 48454349, bin not found / already patched!
40:918  0:000  5. [chang BRT6 to BRTX]: pattern 20425254, bin not found / already patched!
40:918  0:000  6. [change GFX0 to IGPU]: pattern 47465830, bin not found / already patched!
40:918  0:000  7. [change SAT0 to SATA]: pattern 53415430, bin not found / already patched!
40:918  0:000  8. [change EHC1 to EH01]: pattern 45484331, bin not found / already patched!
40:918  0:000  9. [change EHC2 to EH02]: pattern 45484332, bin not found / already patched!
40:918  0:000  10. [change MEI to IMEI]: pattern 4D45495F, bin not found / already patched!
40:918  0:000  Patch table: SSDT  AmdTabl len=0xDC8
40:918  0:000  0. [change _DSM to XSDM]: pattern 5F44534D, bin not found / already patched!
40:918  0:000  1. [change OSID to IDOS]: pattern 4F534944, bin not found / already patched!
40:918  0:000  2. [change _OSI to XOSI]: pattern 5F4F5349, bin not found / already patched!
40:918  0:000  3. [change HDAS to HDEF]: pattern 48444153, bin not found / already patched!
40:918  0:000  4. [change HECI to IMEI]: pattern 48454349, bin not found / already patched!
40:918  0:000  5. [chang BRT6 to BRTX]: pattern 20425254, bin not found / already patched!
40:919  0:000  6. [change GFX0 to IGPU]: pattern 47465830, patched at: [ (6C) (A10) (10) (18) (10) (6D) (13) (10) (17) (12) (13) (12) (10) (35) (1D) (11) (10) (2A) (10) (27) (11) (10) (29) (27) (11) (10) (29) (10) ]
40:919  0:000  7. [change SAT0 to SATA]: pattern 53415430, bin not found / already patched!
40:919  0:000  8. [change EHC1 to EH01]: pattern 45484331, bin not found / already patched!
40:919  0:000  9. [change EHC2 to EH02]: pattern 45484332, bin not found / already patched!
40:919  0:000  10. [change MEI to IMEI]: pattern 4D45495F, bin not found / already patched!
40:919  0:000  Drop tables from Xsdt, SIGN=XXXX TableID= Length=0
40:919  0:000   Xsdt has tables count=16
40:919  0:000  === [ ACPIPatchedAML ] ====================================
40:919  0:000  Sorted
40:919  0:000  Inserting table[0]:SSDT-Config.aml from EFI\CLOVER\ACPI\patched ... Not Found
40:919  0:000  Inserting table[1]:SSDT-Dell_FN.aml from EFI\CLOVER\ACPI\patched ... Success
40:928  0:009  Inserting table[2]:SSDT-Disable_DGPU.aml from EFI\CLOVER\ACPI\patched ... Not Found
40:928  0:000  Inserting table[3]:SSDT-PNLF.aml from EFI\CLOVER\ACPI\patched ... Not Found
40:928  0:000  Inserting table[4]:SSDT-SATA.aml from EFI\CLOVER\ACPI\patched ... Not Found
40:928  0:000  Inserting table[5]:SSDT-XOSI.aml from EFI\CLOVER\ACPI\patched ... Not Found
40:928  0:000  Inserting table[6]:SSDT-ALC256-CC.aml from EFI\CLOVER\ACPI\patched ... Success
40:929  0:001  Inserting table[7]:SSDT-PluginType1.aml from EFI\CLOVER\ACPI\patched ... Not Found
40:929  0:000  CPUBase=0 and ApicCPUBase=1 ApicCPUNum=1
40:929  0:000  === [ RestSetup macOS ] ===================================
40:929  0:000  EdidDiscovered size=128
40:929  0:000  ------- EDID Table
40:929  0:000  000  |  00  FF  FF  FF  FF  FF  FF  00  09  E5
40:929  0:000  010  |  20  06  00  00  00  00  01  18  01  04
40:929  0:000  020  |  95  22  13  78  0A  24  10  97  59  54
40:929  0:000  030  |  8E  27  1E  50  54  00  00  00  01  01
40:929  0:000  040  |  01  01  01  01  01  01  01  01  01  01
40:929  0:000  050  |  01  01  01  01  64  1B  56  77  50  00
40:929  0:000  060  |  13  30  30  20  36  00  58  C2  10  00
40:929  0:000  070  |  00  1A  A2  17  56  B9  50  00  2D  30
40:929  0:000  080  |  30  20  36  00  58  C2  10  00  00  1A
40:929  0:000  090  |  00  00  00  FE  00  50  44  4A  4A  48
40:929  0:000  100  |  80  4E  54  31  35  36  57  48  00  00
40:929  0:000  110  |  00  00  00  00  41  01  94  00  10  00
40:929  0:000  120  |  00  09  01  0A  20  20  00  9C
40:929  0:000  Intel HD Graphics 520 [8086:1916] :: PciRoot(0x0)\Pci(0x2,0x0)
40:929  0:000    Found Full Wide XGA Display - 16:9 :: Width=1366 Height=768
40:929  0:000    Beginning DualLink auto-detection
40:929  0:000    Low Resolution Display
40:929  0:000    AAPL00,DualLink: not used
40:929  0:000    FakeID Intel GFX: not set
40:929  0:000    ig-platform-id = 0x19160000
40:929  0:000    Beginning Intel GFX auto-detection with ACPI injection
40:929  0:000    Found FakeID Intel GFX = 0x19168086
40:929  0:000  Intel GFX revision  = 0x7
40:930  0:000  ATI injection not set
40:930  0:000   RCBA disabled; cannot use it
40:930  0:000   setting specified layout-id=13 (0xD)
40:930  0:000  stringlength = 1750
40:930  0:000  CurrentMode: Width=1366 Height=768
40:930  0:000  Beginning FSInjection
FSInjectionInstall ...
- Our FSI_SIMPLE_FILE_SYSTEM_PROTOCOL installed on handle: 6CE18518
FSInjectionInstall ...
- Our FSI_SIMPLE_FILE_SYSTEM_PROTOCOL installed on handle: 6CE18518
40:930  0:000  Use origin smbios table type 1 guid.
40:932  0:001  Preparing kexts injection for arch=x86_64 from EFI\CLOVER\kexts\Other
40:932  0:000  Extra kext: EFI\CLOVER\kexts\Other\VoodooPS2Controller.kext
40:936  0:003    |-- PlugIn kext: EFI\CLOVER\kexts\Other\VoodooPS2Controller.kext\Contents\PlugIns\VoodooPS2Trackpad.kext
40:941  0:005    |-- PlugIn kext: EFI\CLOVER\kexts\Other\VoodooPS2Controller.kext\Contents\PlugIns\VoodooPS2Mouse.kext
40:944  0:002    |-- PlugIn kext: EFI\CLOVER\kexts\Other\VoodooPS2Controller.kext\Contents\PlugIns\VoodooPS2Keyboard.kext
40:957  0:013  Extra kext: EFI\CLOVER\kexts\Other\RealtekRTL8111.kext
40:963  0:005  Extra kext: EFI\CLOVER\kexts\Other\Lilu.kext
40:967  0:003  Extra kext: EFI\CLOVER\kexts\Other\IntelGraphicsFixup.kext
40:968  0:001  Extra kext: EFI\CLOVER\kexts\Other\IntelGraphicsDVMTFixup.kext
40:970  0:001  Extra kext: EFI\CLOVER\kexts\Other\FakeSMC.kext
40:978  0:007    |-- PlugIn kext: EFI\CLOVER\kexts\Other\FakeSMC.kext\Contents\PlugIns\LPCSensors.kext
41:011  0:032    |-- PlugIn kext: EFI\CLOVER\kexts\Other\FakeSMC.kext\Contents\PlugIns\GPUSensors.kext
41:019  0:008    |-- PlugIn kext: EFI\CLOVER\kexts\Other\FakeSMC.kext\Contents\PlugIns\CPUSensors.kext
41:023  0:004    |-- PlugIn kext: EFI\CLOVER\kexts\Other\FakeSMC.kext\Contents\PlugIns\ACPISensors.kext
41:030  0:007  Extra kext: EFI\CLOVER\kexts\Other\FakePCIID_Broadcom_WiFi.kext
41:036  0:005  Extra kext: EFI\CLOVER\kexts\Other\CodecCommander.kext
41:046  0:010  Extra kext: EFI\CLOVER\kexts\Other\BrcmPatchRAM2.kext
41:092  0:046  Extra kext: EFI\CLOVER\kexts\Other\BrcmFirmwareData.kext
41:102  0:009  Extra kext: EFI\CLOVER\kexts\Other\AppleBacklightInjector.kext
41:105  0:003  Extra kext: EFI\CLOVER\kexts\Other\AppleALC.kext
41:113  0:008    |-- PlugIn kext: EFI\CLOVER\kexts\Other\AppleALC.kext\Contents\PlugIns\PinConfigs.kext
41:267  0:153  Extra kext: EFI\CLOVER\kexts\Other\AirportBrcmFixup.kext
41:281  0:014  Extra kext: EFI\CLOVER\kexts\Other\ACPIBatteryManager.kext
41:297  0:015  Custom boot screen not used because entry has unset use graphics
41:297  0:000  Closing log
